<testsuites id="" name="" tests="130" failures="58" skipped="0" errors="0" time="117.731122">
<testsuite name="contact.spec.ts" timestamp="2025-09-26T18:08:32.353Z" hostname="chromium" tests="6" failures="0" skipped="0" time="32.358" errors="0">
<testcase name="Contact and Forms › should navigate to contact page" classname="contact.spec.ts" time="5.085">
</testcase>
<testcase name="Contact and Forms › should display contact form" classname="contact.spec.ts" time="4.222">
</testcase>
<testcase name="Contact and Forms › should validate form fields" classname="contact.spec.ts" time="5.186">
</testcase>
<testcase name="Contact and Forms › should fill and submit contact form" classname="contact.spec.ts" time="7.328">
</testcase>
<testcase name="Contact and Forms › should have accessible contact form" classname="contact.spec.ts" time="4.275">
</testcase>
<testcase name="Contact and Forms › should be responsive on contact page" classname="contact.spec.ts" time="6.262">
</testcase>
</testsuite>
<testsuite name="homepage.spec.ts" timestamp="2025-09-26T18:08:32.353Z" hostname="chromium" tests="9" failures="3" skipped="0" time="33.38" errors="0">
<testcase name="Homepage › should load homepage successfully" classname="homepage.spec.ts" time="9.108">
<failure message="homepage.spec.ts:9:7 should load homepage successfully" type="FAILURE">
<![CDATA[  [chromium] › homepage.spec.ts:9:7 › Homepage › should load homepage successfully ─────────────────

    Error: expect(locator).toContainText(expected) failed

    Locator: locator('h1').first()
    Expected pattern: /save.*hours/i
    Received string:  "Simple automations. Real time saved."
    Timeout: 5000ms

    Call log:
      - Expect "toContainText" with timeout 5000ms
      - waiting for locator('h1').first()
        9 × locator resolved to <h1 class="font-display text-balance text-display-xl hero-h1 text-[34px] sm:text-[48px] lg:text-[56px] font-bold tracking-tight max-w-[22ch] sm:max-w-[640px] mx-auto">Simple automations. Real time saved.</h1>
          - unexpected value "Simple automations. Real time saved."


      17 |     const h1 = page.locator('h1').first()
      18 |     await expect(h1).toBeVisible()
    > 19 |     await expect(h1).toContainText(/save.*hours/i)
         |                      ^
      20 |   })
      21 |
      22 |   test('should have proper navigation', async ({ page }) => {
        at C:\Users\torri\Downloads\automatron-website\e2e\homepage.spec.ts:19:22

    attachment #1: screenshot (image/png) ──────────────────────────────────────────────────────────
    ..\test-results\homepage-Homepage-should-load-homepage-successfully-chromium\test-failed-1.png
    ────────────────────────────────────────────────────────────────────────────────────────────────

    attachment #2: video (video/webm) ──────────────────────────────────────────────────────────────
    ..\test-results\homepage-Homepage-should-load-homepage-successfully-chromium\video.webm
    ────────────────────────────────────────────────────────────────────────────────────────────────

    Error Context: ..\test-results\homepage-Homepage-should-load-homepage-successfully-chromium\error-context.md
]]>
</failure>
<system-out>
<![CDATA[
[[ATTACHMENT|..\test-results\homepage-Homepage-should-load-homepage-successfully-chromium\test-failed-1.png]]

[[ATTACHMENT|..\test-results\homepage-Homepage-should-load-homepage-successfully-chromium\video.webm]]

[[ATTACHMENT|..\test-results\homepage-Homepage-should-load-homepage-successfully-chromium\error-context.md]]
]]>
</system-out>
</testcase>
<testcase name="Homepage › should have proper navigation" classname="homepage.spec.ts" time="4.095">
</testcase>
<testcase name="Homepage › should display hero section with CTA" classname="homepage.spec.ts" time="2.54">
</testcase>
<testcase name="Homepage › should display service overview cards" classname="homepage.spec.ts" time="2.587">
</testcase>
<testcase name="Homepage › should be accessible" classname="homepage.spec.ts" time="2.532">
</testcase>
<testcase name="Homepage › should be responsive" classname="homepage.spec.ts" time="4.366">
</testcase>
<testcase name="Homepage › should have good performance" classname="homepage.spec.ts" time="2.235">
</testcase>
<testcase name="Homepage › should handle theme switching" classname="homepage.spec.ts" time="2.873">
<failure message="homepage.spec.ts:91:7 should handle theme switching" type="FAILURE">
<![CDATA[  [chromium] › homepage.spec.ts:91:7 › Homepage › should handle theme switching ────────────────────

    Error: expect(received).toContain(expected) // indexOf

    Expected substring: "dark"
    Received string:    "scroll-smooth"

       at utils.ts:128

      126 |       // Check that theme actually changed
      127 |       const htmlClass = await this.page.locator('html').getAttribute('class')
    > 128 |       expect(htmlClass).toContain('dark')
          |                         ^
      129 |       
      130 |       // Switch back
      131 |       await themeToggle.click()
        at TestUtils.testThemeSwitch (C:\Users\torri\Downloads\automatron-website\e2e\utils.ts:128:25)
        at C:\Users\torri\Downloads\automatron-website\e2e\homepage.spec.ts:94:5

    attachment #1: screenshot (image/png) ──────────────────────────────────────────────────────────
    ..\test-results\homepage-Homepage-should-handle-theme-switching-chromium\test-failed-1.png
    ────────────────────────────────────────────────────────────────────────────────────────────────

    attachment #2: video (video/webm) ──────────────────────────────────────────────────────────────
    ..\test-results\homepage-Homepage-should-handle-theme-switching-chromium\video.webm
    ────────────────────────────────────────────────────────────────────────────────────────────────

    Error Context: ..\test-results\homepage-Homepage-should-handle-theme-switching-chromium\error-context.md
]]>
</failure>
<system-out>
<![CDATA[
[[ATTACHMENT|..\test-results\homepage-Homepage-should-handle-theme-switching-chromium\test-failed-1.png]]

[[ATTACHMENT|..\test-results\homepage-Homepage-should-handle-theme-switching-chromium\video.webm]]

[[ATTACHMENT|..\test-results\homepage-Homepage-should-handle-theme-switching-chromium\error-context.md]]
]]>
</system-out>
</testcase>
<testcase name="Homepage › should not have console errors" classname="homepage.spec.ts" time="3.044">
<failure message="homepage.spec.ts:97:7 should not have console errors" type="FAILURE">
<![CDATA[  [chromium] › homepage.spec.ts:97:7 › Homepage › should not have console errors ───────────────────

    Error: expect(received).toHaveLength(expected)

    Expected length: 0
    Received length: 38
    Received array:  ["Warning: Prop `%s` did not match. Server: %s Client: %s%s className \"__variable_f367f3 font-sans\" \"__variable_f367f3 font-sans antialiased bg-background text-foreground\"·
        at body
        at html
        at LocaleLayout (Server)
        at InnerLayoutRouter (webpack-internal:///(app-pages-browser)/./node_modules/next/dist/client/components/layout-router.js:243:11)
        at RedirectErrorBoundary (webpack-internal:///(app-pages-browser)/./node_modules/next/dist/client/components/redirect-boundary.js:74:9)
        at RedirectBoundary (webpack-internal:///(app-pages-browser)/./node_modules/next/dist/client/components/redirect-boundary.js:82:11)
        at NotFoundErrorBoundary (webpack-internal:///(app-pages-browser)/./node_modules/next/dist/client/components/not-found-boundary.js:76:9)
        at NotFoundBoundary (webpack-internal:///(app-pages-browser)/./node_modules/next/dist/client/components/not-found-boundary.js:84:11)
        at LoadingBoundary (webpack-internal:///(app-pages-browser)/./node_modules/next/dist/client/components/layout-router.js:349:11)
        at ErrorBoundaryHandler (webpack-internal:///(app-pages-browser)/./node_modules/next/dist/client/components/error-boundary.js:113:9)
        at ErrorBoundary (webpack-internal:///(app-pages-browser)/./node_modules/next/dist/client/components/error-boundary.js:160:11)
        at InnerScrollAndFocusHandler (webpack-internal:///(app-pages-browser)/./node_modules/next/dist/client/components/layout-router.js:153:9)
        at ScrollAndFocusHandler (webpack-internal:///(app-pages-browser)/./node_modules/next/dist/client/components/layout-router.js:228:11)
        at RenderFromTemplateContext (webpack-internal:///(app-pages-browser)/./node_modules/next/dist/client/components/render-from-template-context.js:16:44)
        at OuterLayoutRouter (webpack-internal:///(app-pages-browser)/./node_modules/next/dist/client/components/layout-router.js:370:11)
        at O (webpack-internal:///(app-pages-browser)/./node_modules/next-themes/dist/index.mjs:28:24)
        at z (webpack-internal:///(app-pages-browser)/./node_modules/next-themes/dist/index.mjs:21:47)
        at body
        at html
        at RootLayout (Server)
        at RedirectErrorBoundary (webpack-internal:///(app-pages-browser)/./node_modules/next/dist/client/components/redirect-boundary.js:74:9)
        at RedirectBoundary (webpack-internal:///(app-pages-browser)/./node_modules/next/dist/client/components/redirect-boundary.js:82:11)
        at NotFoundErrorBoundary (webpack-internal:///(app-pages-browser)/./node_modules/next/dist/client/components/not-found-boundary.js:76:9)
        at NotFoundBoundary (webpack-internal:///(app-pages-browser)/./node_modules/next/dist/client/components/not-found-boundary.js:84:11)
        at DevRootNotFoundBoundary (webpack-internal:///(app-pages-browser)/./node_modules/next/dist/client/components/dev-root-not-found-boundary.js:33:11)
        at ReactDevOverlay (webpack-internal:///(app-pages-browser)/./node_modules/next/dist/client/components/react-dev-overlay/app/ReactDevOverlay.js:87:9)
        at HotReload (webpack-internal:///(app-pages-browser)/./node_modules/next/dist/client/components/react-dev-overlay/app/hot-reloader-client.js:321:11)
        at Router (webpack-internal:///(app-pages-browser)/./node_modules/next/dist/client/components/app-router.js:207:11)
        at ErrorBoundaryHandler (webpack-internal:///(app-pages-browser)/./node_modules/next/dist/client/components/error-boundary.js:113:9)
        at ErrorBoundary (webpack-internal:///(app-pages-browser)/./node_modules/next/dist/client/components/error-boundary.js:160:11)
        at AppRouter (webpack-internal:///(app-pages-browser)/./node_modules/next/dist/client/components/app-router.js:585:13)
        at ServerRoot (webpack-internal:///(app-pages-browser)/./node_modules/next/dist/client/app-index.js:112:27)
        at Root (webpack-internal:///(app-pages-browser)/./node_modules/next/dist/client/app-index.js:117:11)", "Message: Uncaught Error: Hydration failed because the initial UI does not match what was rendered on the server.", "Type: client", "Severity: high", "Context: {filename: webpack-internal:///(app-pages-browser)/./node_mod…t/compiled/react-dom/cjs/react-dom.development.js, lineno: 6981, colno: 9, error: Error: Hydration failed because the initial UI does not match what was rendered on the server.
        …}", …]

       at utils.ts:158

      156 |     )
      157 |     
    > 158 |     expect(filteredErrors).toHaveLength(0)
          |                            ^
      159 |   }
      160 | }
        at TestUtils.checkConsoleErrors (C:\Users\torri\Downloads\automatron-website\e2e\utils.ts:158:28)
        at C:\Users\torri\Downloads\automatron-website\e2e\homepage.spec.ts:99:5

    attachment #1: screenshot (image/png) ──────────────────────────────────────────────────────────
    ..\test-results\homepage-Homepage-should-not-have-console-errors-chromium\test-failed-1.png
    ────────────────────────────────────────────────────────────────────────────────────────────────

    attachment #2: video (video/webm) ──────────────────────────────────────────────────────────────
    ..\test-results\homepage-Homepage-should-not-have-console-errors-chromium\video.webm
    ────────────────────────────────────────────────────────────────────────────────────────────────

    Error Context: ..\test-results\homepage-Homepage-should-not-have-console-errors-chromium\error-context.md
]]>
</failure>
<system-out>
<![CDATA[
[[ATTACHMENT|..\test-results\homepage-Homepage-should-not-have-console-errors-chromium\test-failed-1.png]]

[[ATTACHMENT|..\test-results\homepage-Homepage-should-not-have-console-errors-chromium\video.webm]]

[[ATTACHMENT|..\test-results\homepage-Homepage-should-not-have-console-errors-chromium\error-context.md]]
]]>
</system-out>
</testcase>
</testsuite>
<testsuite name="services.spec.ts" timestamp="2025-09-26T18:08:32.353Z" hostname="chromium" tests="5" failures="2" skipped="0" time="23.757" errors="0">
<testcase name="Services Pages › should navigate to services from homepage" classname="services.spec.ts" time="8.928">
<failure message="services.spec.ts:5:7 should navigate to services from homepage" type="FAILURE">
<![CDATA[  [chromium] › services.spec.ts:5:7 › Services Pages › should navigate to services from homepage ───

    Error: expect(locator).toBeVisible() failed

    Locator:  locator('h1').first()
    Expected: visible
    Received: <element(s) not found>
    Timeout:  5000ms

    Call log:
      - Expect "toBeVisible" with timeout 5000ms
      - waiting for locator('h1').first()


      20 |     // Check page content
      21 |     const h1 = page.locator('h1').first()
    > 22 |     await expect(h1).toBeVisible()
         |                      ^
      23 |   })
      24 |
      25 |   test('should display service categories', async ({ page }) => {
        at C:\Users\torri\Downloads\automatron-website\e2e\services.spec.ts:22:22

    attachment #1: screenshot (image/png) ──────────────────────────────────────────────────────────
    ..\test-results\services-Services-Pages-sh-f11b8-e-to-services-from-homepage-chromium\test-failed-1.png
    ────────────────────────────────────────────────────────────────────────────────────────────────

    attachment #2: video (video/webm) ──────────────────────────────────────────────────────────────
    ..\test-results\services-Services-Pages-sh-f11b8-e-to-services-from-homepage-chromium\video.webm
    ────────────────────────────────────────────────────────────────────────────────────────────────

    Error Context: ..\test-results\services-Services-Pages-sh-f11b8-e-to-services-from-homepage-chromium\error-context.md
]]>
</failure>
<system-out>
<![CDATA[
[[ATTACHMENT|..\test-results\services-Services-Pages-sh-f11b8-e-to-services-from-homepage-chromium\test-failed-1.png]]

[[ATTACHMENT|..\test-results\services-Services-Pages-sh-f11b8-e-to-services-from-homepage-chromium\video.webm]]

[[ATTACHMENT|..\test-results\services-Services-Pages-sh-f11b8-e-to-services-from-homepage-chromium\error-context.md]]
]]>
</system-out>
</testcase>
<testcase name="Services Pages › should display service categories" classname="services.spec.ts" time="3.749">
</testcase>
<testcase name="Services Pages › should show service details and pricing" classname="services.spec.ts" time="3.252">
</testcase>
<testcase name="Services Pages › should have accessible service pages" classname="services.spec.ts" time="3.157">
<failure message="services.spec.ts:67:7 should have accessible service pages" type="FAILURE">
<![CDATA[  [chromium] › services.spec.ts:67:7 › Services Pages › should have accessible service pages ───────

    Error: expect(received).toBeGreaterThanOrEqual(expected)

    Expected: >= 1
    Received:    0

       at utils.ts:27

      25 |     // Check for proper heading hierarchy
      26 |     const h1Count = await this.page.locator('h1').count()
    > 27 |     expect(h1Count).toBeGreaterThanOrEqual(1)
         |                     ^
      28 |     expect(h1Count).toBeLessThanOrEqual(1) // Should have exactly one h1
      29 |
      30 |     // Check for alt text on images
        at TestUtils.checkBasicAccessibility (C:\Users\torri\Downloads\automatron-website\e2e\utils.ts:27:21)
        at C:\Users\torri\Downloads\automatron-website\e2e\services.spec.ts:73:5

    attachment #1: screenshot (image/png) ──────────────────────────────────────────────────────────
    ..\test-results\services-Services-Pages-should-have-accessible-service-pages-chromium\test-failed-1.png
    ────────────────────────────────────────────────────────────────────────────────────────────────

    attachment #2: video (video/webm) ──────────────────────────────────────────────────────────────
    ..\test-results\services-Services-Pages-should-have-accessible-service-pages-chromium\video.webm
    ────────────────────────────────────────────────────────────────────────────────────────────────

    Error Context: ..\test-results\services-Services-Pages-should-have-accessible-service-pages-chromium\error-context.md
]]>
</failure>
<system-out>
<![CDATA[
[[ATTACHMENT|..\test-results\services-Services-Pages-should-have-accessible-service-pages-chromium\test-failed-1.png]]

[[ATTACHMENT|..\test-results\services-Services-Pages-should-have-accessible-service-pages-chromium\video.webm]]

[[ATTACHMENT|..\test-results\services-Services-Pages-should-have-accessible-service-pages-chromium\error-context.md]]
]]>
</system-out>
</testcase>
<testcase name="Services Pages › should be responsive on services page" classname="services.spec.ts" time="4.671">
</testcase>
</testsuite>
<testsuite name="visual.spec.ts" timestamp="2025-09-26T18:08:32.353Z" hostname="chromium" tests="6" failures="6" skipped="0" time="18.345" errors="0">
<testcase name="Visual Regression Tests › homepage visual regression" classname="visual.spec.ts" time="2.597">
<failure message="visual.spec.ts:10:7 homepage visual regression" type="FAILURE">
<![CDATA[  [chromium] › visual.spec.ts:10:7 › Visual Regression Tests › homepage visual regression ──────────

    Error: page.addStyleTag: Refused to apply inline style because it violates the following Content Security Policy directive: "style-src 'self' 'nonce-8d1a2edc-cb06-4236-987a-3d940f2c14d2' 'unsafe-inline'". Note that 'unsafe-inline' is ignored if either a hash or nonce value is present in the source list.


      15 |     
      16 |     // Hide dynamic content that might cause flaky tests
    > 17 |     await page.addStyleTag({
         |                ^
      18 |       content: `
      19 |         [data-testid="current-time"],
      20 |         .animate-pulse,
        at C:\Users\torri\Downloads\automatron-website\e2e\visual.spec.ts:17:16

    attachment #1: screenshot (image/png) ──────────────────────────────────────────────────────────
    ..\test-results\visual-Visual-Regression-Tests-homepage-visual-regression-chromium\test-failed-1.png
    ────────────────────────────────────────────────────────────────────────────────────────────────

    attachment #2: video (video/webm) ──────────────────────────────────────────────────────────────
    ..\test-results\visual-Visual-Regression-Tests-homepage-visual-regression-chromium\video.webm
    ────────────────────────────────────────────────────────────────────────────────────────────────

    Error Context: ..\test-results\visual-Visual-Regression-Tests-homepage-visual-regression-chromium\error-context.md
]]>
</failure>
<system-out>
<![CDATA[
[[ATTACHMENT|..\test-results\visual-Visual-Regression-Tests-homepage-visual-regression-chromium\test-failed-1.png]]

[[ATTACHMENT|..\test-results\visual-Visual-Regression-Tests-homepage-visual-regression-chromium\video.webm]]

[[ATTACHMENT|..\test-results\visual-Visual-Regression-Tests-homepage-visual-regression-chromium\error-context.md]]
]]>
</system-out>
</testcase>
<testcase name="Visual Regression Tests › services page visual regression" classname="visual.spec.ts" time="2.269">
<failure message="visual.spec.ts:40:7 services page visual regression" type="FAILURE">
<![CDATA[  [chromium] › visual.spec.ts:40:7 › Visual Regression Tests › services page visual regression ─────

    Error: page.addStyleTag: Refused to apply inline style because it violates the following Content Security Policy directive: "style-src 'self' 'nonce-0bde3f69-23f5-4e65-b2ec-dc524b4addb2' 'unsafe-inline'". Note that 'unsafe-inline' is ignored if either a hash or nonce value is present in the source list.


      44 |     await utils.waitForPageLoad()
      45 |     
    > 46 |     await page.addStyleTag({
         |                ^
      47 |       content: `
      48 |         .animate-pulse,
      49 |         .animate-spin {
        at C:\Users\torri\Downloads\automatron-website\e2e\visual.spec.ts:46:16

    attachment #1: screenshot (image/png) ──────────────────────────────────────────────────────────
    ..\test-results\visual-Visual-Regression-T-e4ede-ices-page-visual-regression-chromium\test-failed-1.png
    ────────────────────────────────────────────────────────────────────────────────────────────────

    attachment #2: video (video/webm) ──────────────────────────────────────────────────────────────
    ..\test-results\visual-Visual-Regression-T-e4ede-ices-page-visual-regression-chromium\video.webm
    ────────────────────────────────────────────────────────────────────────────────────────────────

    Error Context: ..\test-results\visual-Visual-Regression-T-e4ede-ices-page-visual-regression-chromium\error-context.md
]]>
</failure>
<system-out>
<![CDATA[
[[ATTACHMENT|..\test-results\visual-Visual-Regression-T-e4ede-ices-page-visual-regression-chromium\test-failed-1.png]]

[[ATTACHMENT|..\test-results\visual-Visual-Regression-T-e4ede-ices-page-visual-regression-chromium\video.webm]]

[[ATTACHMENT|..\test-results\visual-Visual-Regression-T-e4ede-ices-page-visual-regression-chromium\error-context.md]]
]]>
</system-out>
</testcase>
<testcase name="Visual Regression Tests › contact page visual regression" classname="visual.spec.ts" time="2.442">
<failure message="visual.spec.ts:61:7 contact page visual regression" type="FAILURE">
<![CDATA[  [chromium] › visual.spec.ts:61:7 › Visual Regression Tests › contact page visual regression ──────

    Error: page.addStyleTag: Refused to apply inline style because it violates the following Content Security Policy directive: "style-src 'self' 'nonce-f0cf9982-992a-400f-a12a-3d02eb69cdf5' 'unsafe-inline'". Note that 'unsafe-inline' is ignored if either a hash or nonce value is present in the source list.


      65 |     await utils.waitForPageLoad()
      66 |     
    > 67 |     await page.addStyleTag({
         |                ^
      68 |       content: `
      69 |         .animate-pulse,
      70 |         .animate-spin {
        at C:\Users\torri\Downloads\automatron-website\e2e\visual.spec.ts:67:16

    attachment #1: screenshot (image/png) ──────────────────────────────────────────────────────────
    ..\test-results\visual-Visual-Regression-T-298f2-tact-page-visual-regression-chromium\test-failed-1.png
    ────────────────────────────────────────────────────────────────────────────────────────────────

    attachment #2: video (video/webm) ──────────────────────────────────────────────────────────────
    ..\test-results\visual-Visual-Regression-T-298f2-tact-page-visual-regression-chromium\video.webm
    ────────────────────────────────────────────────────────────────────────────────────────────────

    Error Context: ..\test-results\visual-Visual-Regression-T-298f2-tact-page-visual-regression-chromium\error-context.md
]]>
</failure>
<system-out>
<![CDATA[
[[ATTACHMENT|..\test-results\visual-Visual-Regression-T-298f2-tact-page-visual-regression-chromium\test-failed-1.png]]

[[ATTACHMENT|..\test-results\visual-Visual-Regression-T-298f2-tact-page-visual-regression-chromium\video.webm]]

[[ATTACHMENT|..\test-results\visual-Visual-Regression-T-298f2-tact-page-visual-regression-chromium\error-context.md]]
]]>
</system-out>
</testcase>
<testcase name="Visual Regression Tests › mobile visual regression" classname="visual.spec.ts" time="2.604">
<failure message="visual.spec.ts:90:7 mobile visual regression" type="FAILURE">
<![CDATA[  [chromium] › visual.spec.ts:90:7 › Visual Regression Tests › mobile visual regression ────────────

    Error: page.addStyleTag: Refused to apply inline style because it violates the following Content Security Policy directive: "style-src 'self' 'nonce-3211feb1-9b4d-4230-96f4-f54baf4a8719' 'unsafe-inline'". Note that 'unsafe-inline' is ignored if either a hash or nonce value is present in the source list.


       97 |     await utils.waitForPageLoad()
       98 |     
    >  99 |     await page.addStyleTag({
          |                ^
      100 |       content: `
      101 |         .animate-pulse,
      102 |         .animate-spin {
        at C:\Users\torri\Downloads\automatron-website\e2e\visual.spec.ts:99:16

    attachment #1: screenshot (image/png) ──────────────────────────────────────────────────────────
    ..\test-results\visual-Visual-Regression-Tests-mobile-visual-regression-chromium\test-failed-1.png
    ────────────────────────────────────────────────────────────────────────────────────────────────

    attachment #2: video (video/webm) ──────────────────────────────────────────────────────────────
    ..\test-results\visual-Visual-Regression-Tests-mobile-visual-regression-chromium\video.webm
    ────────────────────────────────────────────────────────────────────────────────────────────────

    Error Context: ..\test-results\visual-Visual-Regression-Tests-mobile-visual-regression-chromium\error-context.md
]]>
</failure>
<system-out>
<![CDATA[
[[ATTACHMENT|..\test-results\visual-Visual-Regression-Tests-mobile-visual-regression-chromium\test-failed-1.png]]

[[ATTACHMENT|..\test-results\visual-Visual-Regression-Tests-mobile-visual-regression-chromium\video.webm]]

[[ATTACHMENT|..\test-results\visual-Visual-Regression-Tests-mobile-visual-regression-chromium\error-context.md]]
]]>
</system-out>
</testcase>
<testcase name="Visual Regression Tests › dark theme visual regression" classname="visual.spec.ts" time="3.227">
<failure message="visual.spec.ts:114:7 dark theme visual regression" type="FAILURE">
<![CDATA[  [chromium] › visual.spec.ts:114:7 › Visual Regression Tests › dark theme visual regression ───────

    Error: page.addStyleTag: Refused to apply inline style because it violates the following Content Security Policy directive: "style-src 'self' 'nonce-ed633abf-5ff9-4c89-bfae-63d301fb8340' 'unsafe-inline'". Note that 'unsafe-inline' is ignored if either a hash or nonce value is present in the source list.


      133 |     }
      134 |     
    > 135 |     await page.addStyleTag({
          |                ^
      136 |       content: `
      137 |         .animate-pulse,
      138 |         .animate-spin {
        at C:\Users\torri\Downloads\automatron-website\e2e\visual.spec.ts:135:16

    attachment #1: screenshot (image/png) ──────────────────────────────────────────────────────────
    ..\test-results\visual-Visual-Regression-Tests-dark-theme-visual-regression-chromium\test-failed-1.png
    ────────────────────────────────────────────────────────────────────────────────────────────────

    attachment #2: video (video/webm) ──────────────────────────────────────────────────────────────
    ..\test-results\visual-Visual-Regression-Tests-dark-theme-visual-regression-chromium\video.webm
    ────────────────────────────────────────────────────────────────────────────────────────────────

    Error Context: ..\test-results\visual-Visual-Regression-Tests-dark-theme-visual-regression-chromium\error-context.md
]]>
</failure>
<system-out>
<![CDATA[
[[ATTACHMENT|..\test-results\visual-Visual-Regression-Tests-dark-theme-visual-regression-chromium\test-failed-1.png]]

[[ATTACHMENT|..\test-results\visual-Visual-Regression-Tests-dark-theme-visual-regression-chromium\video.webm]]

[[ATTACHMENT|..\test-results\visual-Visual-Regression-Tests-dark-theme-visual-regression-chromium\error-context.md]]
]]>
</system-out>
</testcase>
<testcase name="Visual Regression Tests › component states visual regression" classname="visual.spec.ts" time="5.206">
<failure message="visual.spec.ts:150:7 component states visual regression" type="FAILURE">
<![CDATA[  [chromium] › visual.spec.ts:150:7 › Visual Regression Tests › component states visual regression ─

    Error: A snapshot doesn't exist at C:\Users\torri\Downloads\automatron-website\e2e\visual.spec.ts-snapshots\button-hover-chromium-win32.png, writing actual.

      162 |       await firstButton.hover()
      163 |       
    > 164 |       await expect(firstButton).toHaveScreenshot('button-hover.png', {
          |       ^
      165 |         animations: 'disabled',
      166 |       })
      167 |     }
        at C:\Users\torri\Downloads\automatron-website\e2e\visual.spec.ts:164:7

    Error: A snapshot doesn't exist at C:\Users\torri\Downloads\automatron-website\e2e\visual.spec.ts-snapshots\input-focus-chromium-win32.png, writing actual.

      178 |       await firstInput.focus()
      179 |       
    > 180 |       await expect(firstInput).toHaveScreenshot('input-focus.png', {
          |       ^
      181 |         animations: 'disabled',
      182 |       })
      183 |     }
        at C:\Users\torri\Downloads\automatron-website\e2e\visual.spec.ts:180:7

    attachment #1: button-hover (image/png) ────────────────────────────────────────────────────────
    Expected: visual.spec.ts-snapshots\button-hover-chromium-win32.png
    Received: ..\test-results\visual-Visual-Regression-T-0f167-nt-states-visual-regression-chromium\button-hover-actual.png
    ────────────────────────────────────────────────────────────────────────────────────────────────

    attachment #2: input-focus (image/png) ─────────────────────────────────────────────────────────
    Expected: visual.spec.ts-snapshots\input-focus-chromium-win32.png
    Received: ..\test-results\visual-Visual-Regression-T-0f167-nt-states-visual-regression-chromium\input-focus-actual.png
    ────────────────────────────────────────────────────────────────────────────────────────────────

    attachment #3: screenshot (image/png) ──────────────────────────────────────────────────────────
    ..\test-results\visual-Visual-Regression-T-0f167-nt-states-visual-regression-chromium\test-failed-1.png
    ────────────────────────────────────────────────────────────────────────────────────────────────

    attachment #4: video (video/webm) ──────────────────────────────────────────────────────────────
    ..\test-results\visual-Visual-Regression-T-0f167-nt-states-visual-regression-chromium\video.webm
    ────────────────────────────────────────────────────────────────────────────────────────────────

    Error Context: ..\test-results\visual-Visual-Regression-T-0f167-nt-states-visual-regression-chromium\error-context.md
]]>
</failure>
<system-out>
<![CDATA[
[[ATTACHMENT|..\e2e\visual.spec.ts-snapshots\button-hover-chromium-win32.png]]

[[ATTACHMENT|..\test-results\visual-Visual-Regression-T-0f167-nt-states-visual-regression-chromium\button-hover-actual.png]]

[[ATTACHMENT|..\e2e\visual.spec.ts-snapshots\input-focus-chromium-win32.png]]

[[ATTACHMENT|..\test-results\visual-Visual-Regression-T-0f167-nt-states-visual-regression-chromium\input-focus-actual.png]]

[[ATTACHMENT|..\test-results\visual-Visual-Regression-T-0f167-nt-states-visual-regression-chromium\test-failed-1.png]]

[[ATTACHMENT|..\test-results\visual-Visual-Regression-T-0f167-nt-states-visual-regression-chromium\video.webm]]

[[ATTACHMENT|..\test-results\visual-Visual-Regression-T-0f167-nt-states-visual-regression-chromium\error-context.md]]
]]>
</system-out>
</testcase>
</testsuite>
<testsuite name="contact.spec.ts" timestamp="2025-09-26T18:08:32.353Z" hostname="firefox" tests="6" failures="0" skipped="0" time="28.112" errors="0">
<testcase name="Contact and Forms › should navigate to contact page" classname="contact.spec.ts" time="4.078">
</testcase>
<testcase name="Contact and Forms › should display contact form" classname="contact.spec.ts" time="3.016">
</testcase>
<testcase name="Contact and Forms › should validate form fields" classname="contact.spec.ts" time="4.419">
</testcase>
<testcase name="Contact and Forms › should fill and submit contact form" classname="contact.spec.ts" time="6.309">
</testcase>
<testcase name="Contact and Forms › should have accessible contact form" classname="contact.spec.ts" time="4.921">
</testcase>
<testcase name="Contact and Forms › should be responsive on contact page" classname="contact.spec.ts" time="5.369">
</testcase>
</testsuite>
<testsuite name="homepage.spec.ts" timestamp="2025-09-26T18:08:32.353Z" hostname="firefox" tests="9" failures="3" skipped="0" time="35.828" errors="0">
<testcase name="Homepage › should load homepage successfully" classname="homepage.spec.ts" time="8.771">
<failure message="homepage.spec.ts:9:7 should load homepage successfully" type="FAILURE">
<![CDATA[  [firefox] › homepage.spec.ts:9:7 › Homepage › should load homepage successfully ──────────────────

    Error: expect(locator).toContainText(expected) failed

    Locator: locator('h1').first()
    Expected pattern: /save.*hours/i
    Received string:  "Simple automations. Real time saved."
    Timeout: 5000ms

    Call log:
      - Expect "toContainText" with timeout 5000ms
      - waiting for locator('h1').first()
        9 × locator resolved to <h1 class="font-display text-balance text-display-xl hero-h1 text-[34px] sm:text-[48px] lg:text-[56px] font-bold tracking-tight max-w-[22ch] sm:max-w-[640px] mx-auto">Simple automations. Real time saved.</h1>
          - unexpected value "Simple automations. Real time saved."


      17 |     const h1 = page.locator('h1').first()
      18 |     await expect(h1).toBeVisible()
    > 19 |     await expect(h1).toContainText(/save.*hours/i)
         |                      ^
      20 |   })
      21 |
      22 |   test('should have proper navigation', async ({ page }) => {
        at C:\Users\torri\Downloads\automatron-website\e2e\homepage.spec.ts:19:22

    attachment #1: screenshot (image/png) ──────────────────────────────────────────────────────────
    ..\test-results\homepage-Homepage-should-load-homepage-successfully-firefox\test-failed-1.png
    ────────────────────────────────────────────────────────────────────────────────────────────────

    attachment #2: video (video/webm) ──────────────────────────────────────────────────────────────
    ..\test-results\homepage-Homepage-should-load-homepage-successfully-firefox\video.webm
    ────────────────────────────────────────────────────────────────────────────────────────────────

    Error Context: ..\test-results\homepage-Homepage-should-load-homepage-successfully-firefox\error-context.md
]]>
</failure>
<system-out>
<![CDATA[
[[ATTACHMENT|..\test-results\homepage-Homepage-should-load-homepage-successfully-firefox\test-failed-1.png]]

[[ATTACHMENT|..\test-results\homepage-Homepage-should-load-homepage-successfully-firefox\video.webm]]

[[ATTACHMENT|..\test-results\homepage-Homepage-should-load-homepage-successfully-firefox\error-context.md]]
]]>
</system-out>
</testcase>
<testcase name="Homepage › should have proper navigation" classname="homepage.spec.ts" time="3.405">
</testcase>
<testcase name="Homepage › should display hero section with CTA" classname="homepage.spec.ts" time="2.842">
</testcase>
<testcase name="Homepage › should display service overview cards" classname="homepage.spec.ts" time="2.35">
</testcase>
<testcase name="Homepage › should be accessible" classname="homepage.spec.ts" time="2.359">
</testcase>
<testcase name="Homepage › should be responsive" classname="homepage.spec.ts" time="4.836">
</testcase>
<testcase name="Homepage › should have good performance" classname="homepage.spec.ts" time="4.385">
</testcase>
<testcase name="Homepage › should handle theme switching" classname="homepage.spec.ts" time="3.496">
<failure message="homepage.spec.ts:91:7 should handle theme switching" type="FAILURE">
<![CDATA[  [firefox] › homepage.spec.ts:91:7 › Homepage › should handle theme switching ─────────────────────

    Error: expect(received).toContain(expected) // indexOf

    Expected substring: "dark"
    Received string:    "scroll-smooth"

       at utils.ts:128

      126 |       // Check that theme actually changed
      127 |       const htmlClass = await this.page.locator('html').getAttribute('class')
    > 128 |       expect(htmlClass).toContain('dark')
          |                         ^
      129 |       
      130 |       // Switch back
      131 |       await themeToggle.click()
        at TestUtils.testThemeSwitch (C:\Users\torri\Downloads\automatron-website\e2e\utils.ts:128:25)
        at C:\Users\torri\Downloads\automatron-website\e2e\homepage.spec.ts:94:5

    attachment #1: screenshot (image/png) ──────────────────────────────────────────────────────────
    ..\test-results\homepage-Homepage-should-handle-theme-switching-firefox\test-failed-1.png
    ────────────────────────────────────────────────────────────────────────────────────────────────

    attachment #2: video (video/webm) ──────────────────────────────────────────────────────────────
    ..\test-results\homepage-Homepage-should-handle-theme-switching-firefox\video.webm
    ────────────────────────────────────────────────────────────────────────────────────────────────

    Error Context: ..\test-results\homepage-Homepage-should-handle-theme-switching-firefox\error-context.md
]]>
</failure>
<system-out>
<![CDATA[
[[ATTACHMENT|..\test-results\homepage-Homepage-should-handle-theme-switching-firefox\test-failed-1.png]]

[[ATTACHMENT|..\test-results\homepage-Homepage-should-handle-theme-switching-firefox\video.webm]]

[[ATTACHMENT|..\test-results\homepage-Homepage-should-handle-theme-switching-firefox\error-context.md]]
]]>
</system-out>
</testcase>
<testcase name="Homepage › should not have console errors" classname="homepage.spec.ts" time="3.384">
<failure message="homepage.spec.ts:97:7 should not have console errors" type="FAILURE">
<![CDATA[  [firefox] › homepage.spec.ts:97:7 › Homepage › should not have console errors ────────────────────

    Error: expect(received).toHaveLength(expected)

    Expected length: 0
    Received length: 38
    Received array:  ["Warning: Prop `style` did not match. Server: \"\" Client: \"background:radial-gradient(circle at 0% 0%, \\n            rgba(14, 165, 233, 0.1) 0%, \\n            rgba(34, 197, 94, 0.05) 50%, \\n            transparent 100%)\"
    div
    div
    AutomationBackground@webpack-internal:///(app-pages-browser)/./src/components/home/hero-section.tsx:117:94
    div
    _c@webpack-internal:///(app-pages-browser)/./src/components/common/container.tsx:13:64
    section
    Section<@webpack-internal:///(app-pages-browser)/./src/components/common/section.tsx:16:134
    HomepageHero@webpack-internal:///(app-pages-browser)/./src/components/home/hero-section.tsx:389:84
    main
    div
    ChatbotProvider@webpack-internal:///(app-pages-browser)/./src/components/common/chatbot-provider.tsx:22:24
    Layout@webpack-internal:///(app-pages-browser)/./src/components/common/layout.tsx:28:113
    Home (Server)
    InnerLayoutRouter@webpack-internal:///(app-pages-browser)/./node_modules/next/dist/client/components/layout-router.js:244:18
    RedirectErrorBoundary@webpack-internal:///(app-pages-browser)/./node_modules/next/dist/client/components/redirect-boundary.js:74:9
    RedirectBoundary@webpack-internal:///(app-pages-browser)/./node_modules/next/dist/client/components/redirect-boundary.js:82:24
    NotFoundBoundary@webpack-internal:///(app-pages-browser)/./node_modules/next/dist/client/components/not-found-boundary.js:84:62
    LoadingBoundary@webpack-internal:///(app-pages-browser)/./node_modules/next/dist/client/components/layout-router.js:349:76
    ErrorBoundary@webpack-internal:///(app-pages-browser)/./node_modules/next/dist/client/components/error-boundary.js:160:67
    InnerScrollAndFocusHandler@webpack-internal:///(app-pages-browser)/./node_modules/next/dist/client/components/layout-router.js:153:9
    ScrollAndFocusHandler@webpack-internal:///(app-pages-browser)/./node_modules/next/dist/client/components/layout-router.js:228:37
    RenderFromTemplateContext@webpack-internal:///(app-pages-browser)/./node_modules/next/dist/client/components/render-from-template-context.js:16:44
    OuterLayoutRouter@webpack-internal:///(app-pages-browser)/./node_modules/next/dist/client/components/layout-router.js:370:157
    ErrorBoundary@webpack-internal:///(app-pages-browser)/./src/components/common/error-boundary.tsx:164:9
    ClientErrorBoundary@webpack-internal:///(app-pages-browser)/./src/components/common/client-error-boundary.tsx:16:32
    z@webpack-internal:///(app-pages-browser)/./node_modules/next-themes/dist/index.mjs:21:47
    ThemeProvider@webpack-internal:///(app-pages-browser)/./src/components/theme-provider.tsx:13:34
    body
    html
    LocaleLayout (Server)
    InnerLayoutRouter@webpack-internal:///(app-pages-browser)/./node_modules/next/dist/client/components/layout-router.js:244:18
    RedirectErrorBoundary@webpack-internal:///(app-pages-browser)/./node_modules/next/dist/client/components/redirect-boundary.js:74:9
    RedirectBoundary@webpack-internal:///(app-pages-browser)/./node_modules/next/dist/client/components/redirect-boundary.js:82:24
    NotFoundErrorBoundary@webpack-internal:///(app-pages-browser)/./node_modules/next/dist/client/components/not-found-boundary.js:76:9
    NotFoundBoundary@webpack-internal:///(app-pages-browser)/./node_modules/next/dist/client/components/not-found-boundary.js:84:62
    LoadingBoundary@webpack-internal:///(app-pages-browser)/./node_modules/next/dist/client/components/layout-router.js:349:76
    ErrorBoundaryHandler@webpack-internal:///(app-pages-browser)/./node_modules/next/dist/client/components/error-boundary.js:113:9
    ErrorBoundary@webpack-internal:///(app-pages-browser)/./node_modules/next/dist/client/components/error-boundary.js:160:67
    InnerScrollAndFocusHandler@webpack-internal:///(app-pages-browser)/./node_modules/next/dist/client/components/layout-router.js:153:9
    ScrollAndFocusHandler@webpack-internal:///(app-pages-browser)/./node_modules/next/dist/client/components/layout-router.js:228:37
    RenderFromTemplateContext@webpack-internal:///(app-pages-browser)/./node_modules/next/dist/client/components/render-from-template-context.js:16:44
    OuterLayoutRouter@webpack-internal:///(app-pages-browser)/./node_modules/next/dist/client/components/layout-router.js:370:157
    O@webpack-internal:///(app-pages-browser)/./node_modules/next-themes/dist/index.mjs:28:258
    z@webpack-internal:///(app-pages-browser)/./node_modules/next-themes/dist/index.mjs:21:47
    body
    html
    RootLayout (Server)
    RedirectErrorBoundary@webpack-internal:///(app-pages-browser)/./node_modules/next/dist/client/components/redirect-boundary.js:74:9
    RedirectBoundary@webpack-internal:///(app-pages-browser)/./node_modules/next/dist/client/components/redirect-boundary.js:82:24
    NotFoundErrorBoundary@webpack-internal:///(app-pages-browser)/./node_modules/next/dist/client/components/not-found-boundary.js:76:9
    NotFoundBoundary@webpack-internal:///(app-pages-browser)/./node_modules/next/dist/client/components/not-found-boundary.js:84:62
    DevRootNotFoundBoundary@webpack-internal:///(app-pages-browser)/./node_modules/next/dist/client/components/dev-root-not-found-boundary.js:33:24
    ReactDevOverlay@webpack-internal:///(app-pages-browser)/./node_modules/next/dist/client/components/react-dev-overlay/app/ReactDevOverlay.js:87:9
    HotReload@webpack-internal:///(app-pages-browser)/./node_modules/next/dist/client/components/react-dev-overlay/app/hot-reloader-client.js:321:37
    Router@webpack-internal:///(app-pages-browser)/./node_modules/next/dist/client/components/app-router.js:207:134
    ErrorBoundaryHandler@webpack-internal:///(app-pages-browser)/./node_modules/next/dist/client/components/error-boundary.js:113:9
    ErrorBoundary@webpack-internal:///(app-pages-browser)/./node_modules/next/dist/client/components/error-boundary.js:160:67
    AppRouter@webpack-internal:///(app-pages-browser)/./node_modules/next/dist/client/components/app-router.js:585:47
    ServerRoot@webpack-internal:///(app-pages-browser)/./node_modules/next/dist/client/app-index.js:112:27
    Root@webpack-internal:///(app-pages-browser)/./node_modules/next/dist/client/app-index.js:117:24", "Message: Error: Hydration failed because the initial UI does not match what was rendered on the server.", "Type: client", "Severity: high", "Context: JSHandle@object", …]

       at utils.ts:158

      156 |     )
      157 |     
    > 158 |     expect(filteredErrors).toHaveLength(0)
          |                            ^
      159 |   }
      160 | }
        at TestUtils.checkConsoleErrors (C:\Users\torri\Downloads\automatron-website\e2e\utils.ts:158:28)
        at C:\Users\torri\Downloads\automatron-website\e2e\homepage.spec.ts:99:5

    attachment #1: screenshot (image/png) ──────────────────────────────────────────────────────────
    ..\test-results\homepage-Homepage-should-not-have-console-errors-firefox\test-failed-1.png
    ────────────────────────────────────────────────────────────────────────────────────────────────

    attachment #2: video (video/webm) ──────────────────────────────────────────────────────────────
    ..\test-results\homepage-Homepage-should-not-have-console-errors-firefox\video.webm
    ────────────────────────────────────────────────────────────────────────────────────────────────

    Error Context: ..\test-results\homepage-Homepage-should-not-have-console-errors-firefox\error-context.md
]]>
</failure>
<system-out>
<![CDATA[
[[ATTACHMENT|..\test-results\homepage-Homepage-should-not-have-console-errors-firefox\test-failed-1.png]]

[[ATTACHMENT|..\test-results\homepage-Homepage-should-not-have-console-errors-firefox\video.webm]]

[[ATTACHMENT|..\test-results\homepage-Homepage-should-not-have-console-errors-firefox\error-context.md]]
]]>
</system-out>
</testcase>
</testsuite>
<testsuite name="services.spec.ts" timestamp="2025-09-26T18:08:32.353Z" hostname="firefox" tests="5" failures="2" skipped="0" time="24.656" errors="0">
<testcase name="Services Pages › should navigate to services from homepage" classname="services.spec.ts" time="9.921">
<failure message="services.spec.ts:5:7 should navigate to services from homepage" type="FAILURE">
<![CDATA[  [firefox] › services.spec.ts:5:7 › Services Pages › should navigate to services from homepage ────

    Error: expect(locator).toBeVisible() failed

    Locator:  locator('h1').first()
    Expected: visible
    Received: <element(s) not found>
    Timeout:  5000ms

    Call log:
      - Expect "toBeVisible" with timeout 5000ms
      - waiting for locator('h1').first()


      20 |     // Check page content
      21 |     const h1 = page.locator('h1').first()
    > 22 |     await expect(h1).toBeVisible()
         |                      ^
      23 |   })
      24 |
      25 |   test('should display service categories', async ({ page }) => {
        at C:\Users\torri\Downloads\automatron-website\e2e\services.spec.ts:22:22

    attachment #1: screenshot (image/png) ──────────────────────────────────────────────────────────
    ..\test-results\services-Services-Pages-sh-f11b8-e-to-services-from-homepage-firefox\test-failed-1.png
    ────────────────────────────────────────────────────────────────────────────────────────────────

    attachment #2: video (video/webm) ──────────────────────────────────────────────────────────────
    ..\test-results\services-Services-Pages-sh-f11b8-e-to-services-from-homepage-firefox\video.webm
    ────────────────────────────────────────────────────────────────────────────────────────────────

    Error Context: ..\test-results\services-Services-Pages-sh-f11b8-e-to-services-from-homepage-firefox\error-context.md
]]>
</failure>
<system-out>
<![CDATA[
[[ATTACHMENT|..\test-results\services-Services-Pages-sh-f11b8-e-to-services-from-homepage-firefox\test-failed-1.png]]

[[ATTACHMENT|..\test-results\services-Services-Pages-sh-f11b8-e-to-services-from-homepage-firefox\video.webm]]

[[ATTACHMENT|..\test-results\services-Services-Pages-sh-f11b8-e-to-services-from-homepage-firefox\error-context.md]]
]]>
</system-out>
</testcase>
<testcase name="Services Pages › should display service categories" classname="services.spec.ts" time="3.778">
</testcase>
<testcase name="Services Pages › should show service details and pricing" classname="services.spec.ts" time="3.567">
</testcase>
<testcase name="Services Pages › should have accessible service pages" classname="services.spec.ts" time="2.717">
<failure message="services.spec.ts:67:7 should have accessible service pages" type="FAILURE">
<![CDATA[  [firefox] › services.spec.ts:67:7 › Services Pages › should have accessible service pages ────────

    Error: expect(received).toBeGreaterThanOrEqual(expected)

    Expected: >= 1
    Received:    0

       at utils.ts:27

      25 |     // Check for proper heading hierarchy
      26 |     const h1Count = await this.page.locator('h1').count()
    > 27 |     expect(h1Count).toBeGreaterThanOrEqual(1)
         |                     ^
      28 |     expect(h1Count).toBeLessThanOrEqual(1) // Should have exactly one h1
      29 |
      30 |     // Check for alt text on images
        at TestUtils.checkBasicAccessibility (C:\Users\torri\Downloads\automatron-website\e2e\utils.ts:27:21)
        at C:\Users\torri\Downloads\automatron-website\e2e\services.spec.ts:73:5

    attachment #1: screenshot (image/png) ──────────────────────────────────────────────────────────
    ..\test-results\services-Services-Pages-should-have-accessible-service-pages-firefox\test-failed-1.png
    ────────────────────────────────────────────────────────────────────────────────────────────────

    attachment #2: video (video/webm) ──────────────────────────────────────────────────────────────
    ..\test-results\services-Services-Pages-should-have-accessible-service-pages-firefox\video.webm
    ────────────────────────────────────────────────────────────────────────────────────────────────

    Error Context: ..\test-results\services-Services-Pages-should-have-accessible-service-pages-firefox\error-context.md
]]>
</failure>
<system-out>
<![CDATA[
[[ATTACHMENT|..\test-results\services-Services-Pages-should-have-accessible-service-pages-firefox\test-failed-1.png]]

[[ATTACHMENT|..\test-results\services-Services-Pages-should-have-accessible-service-pages-firefox\video.webm]]

[[ATTACHMENT|..\test-results\services-Services-Pages-should-have-accessible-service-pages-firefox\error-context.md]]
]]>
</system-out>
</testcase>
<testcase name="Services Pages › should be responsive on services page" classname="services.spec.ts" time="4.673">
</testcase>
</testsuite>
<testsuite name="visual.spec.ts" timestamp="2025-09-26T18:08:32.353Z" hostname="firefox" tests="6" failures="6" skipped="0" time="23.167" errors="0">
<testcase name="Visual Regression Tests › homepage visual regression" classname="visual.spec.ts" time="4.544">
<failure message="visual.spec.ts:10:7 homepage visual regression" type="FAILURE">
<![CDATA[  [firefox] › visual.spec.ts:10:7 › Visual Regression Tests › homepage visual regression ───────────

    Error: page.addStyleTag: [JavaScript Error: "Content-Security-Policy: The page’s settings blocked an inline style (style-src-elem) from being applied because it violates the following directive: “style-src 'self' 'nonce-9f4b9396-da6b-4fd0-83b2-c4defaf92d95' 'unsafe-inline'”. Consider using a hash ('sha256-/YEau8Iu6+wZTIgM69B525T/s7MIViptamJCa3Gb88c=', requires 'unsafe-hashes' for style attributes) or a nonce." {file: "debugger eval code line 291 > eval" line: 9}]

      15 |     
      16 |     // Hide dynamic content that might cause flaky tests
    > 17 |     await page.addStyleTag({
         |                ^
      18 |       content: `
      19 |         [data-testid="current-time"],
      20 |         .animate-pulse,
        at C:\Users\torri\Downloads\automatron-website\e2e\visual.spec.ts:17:16

    attachment #1: screenshot (image/png) ──────────────────────────────────────────────────────────
    ..\test-results\visual-Visual-Regression-Tests-homepage-visual-regression-firefox\test-failed-1.png
    ────────────────────────────────────────────────────────────────────────────────────────────────

    attachment #2: video (video/webm) ──────────────────────────────────────────────────────────────
    ..\test-results\visual-Visual-Regression-Tests-homepage-visual-regression-firefox\video.webm
    ────────────────────────────────────────────────────────────────────────────────────────────────

    Error Context: ..\test-results\visual-Visual-Regression-Tests-homepage-visual-regression-firefox\error-context.md
]]>
</failure>
<system-out>
<![CDATA[
[[ATTACHMENT|..\test-results\visual-Visual-Regression-Tests-homepage-visual-regression-firefox\test-failed-1.png]]

[[ATTACHMENT|..\test-results\visual-Visual-Regression-Tests-homepage-visual-regression-firefox\video.webm]]

[[ATTACHMENT|..\test-results\visual-Visual-Regression-Tests-homepage-visual-regression-firefox\error-context.md]]
]]>
</system-out>
</testcase>
<testcase name="Visual Regression Tests › services page visual regression" classname="visual.spec.ts" time="3.957">
<failure message="visual.spec.ts:40:7 services page visual regression" type="FAILURE">
<![CDATA[  [firefox] › visual.spec.ts:40:7 › Visual Regression Tests › services page visual regression ──────

    Error: page.addStyleTag: [JavaScript Error: "Content-Security-Policy: The page’s settings blocked an inline style (style-src-elem) from being applied because it violates the following directive: “style-src 'self' 'nonce-35d02ae6-84f9-450d-bd84-63476f8603c1' 'unsafe-inline'”. Consider using a hash ('sha256-ndnUIVBl23TE2z1X+3HPSjGsFlqdy8WzW96+VdyVv1U=', requires 'unsafe-hashes' for style attributes) or a nonce." {file: "debugger eval code line 291 > eval" line: 9}]

      44 |     await utils.waitForPageLoad()
      45 |     
    > 46 |     await page.addStyleTag({
         |                ^
      47 |       content: `
      48 |         .animate-pulse,
      49 |         .animate-spin {
        at C:\Users\torri\Downloads\automatron-website\e2e\visual.spec.ts:46:16

    attachment #1: screenshot (image/png) ──────────────────────────────────────────────────────────
    ..\test-results\visual-Visual-Regression-T-e4ede-ices-page-visual-regression-firefox\test-failed-1.png
    ────────────────────────────────────────────────────────────────────────────────────────────────

    attachment #2: video (video/webm) ──────────────────────────────────────────────────────────────
    ..\test-results\visual-Visual-Regression-T-e4ede-ices-page-visual-regression-firefox\video.webm
    ────────────────────────────────────────────────────────────────────────────────────────────────

    Error Context: ..\test-results\visual-Visual-Regression-T-e4ede-ices-page-visual-regression-firefox\error-context.md
]]>
</failure>
<system-out>
<![CDATA[
[[ATTACHMENT|..\test-results\visual-Visual-Regression-T-e4ede-ices-page-visual-regression-firefox\test-failed-1.png]]

[[ATTACHMENT|..\test-results\visual-Visual-Regression-T-e4ede-ices-page-visual-regression-firefox\video.webm]]

[[ATTACHMENT|..\test-results\visual-Visual-Regression-T-e4ede-ices-page-visual-regression-firefox\error-context.md]]
]]>
</system-out>
</testcase>
<testcase name="Visual Regression Tests › contact page visual regression" classname="visual.spec.ts" time="3.078">
<failure message="visual.spec.ts:61:7 contact page visual regression" type="FAILURE">
<![CDATA[  [firefox] › visual.spec.ts:61:7 › Visual Regression Tests › contact page visual regression ───────

    Error: page.addStyleTag: [JavaScript Error: "Content-Security-Policy: The page’s settings blocked an inline style (style-src-elem) from being applied because it violates the following directive: “style-src 'self' 'nonce-a2e0e9e8-f2e0-47b9-9b34-b3717833ce48' 'unsafe-inline'”. Consider using a hash ('sha256-ndnUIVBl23TE2z1X+3HPSjGsFlqdy8WzW96+VdyVv1U=', requires 'unsafe-hashes' for style attributes) or a nonce." {file: "debugger eval code line 291 > eval" line: 9}]

      65 |     await utils.waitForPageLoad()
      66 |     
    > 67 |     await page.addStyleTag({
         |                ^
      68 |       content: `
      69 |         .animate-pulse,
      70 |         .animate-spin {
        at C:\Users\torri\Downloads\automatron-website\e2e\visual.spec.ts:67:16

    attachment #1: screenshot (image/png) ──────────────────────────────────────────────────────────
    ..\test-results\visual-Visual-Regression-T-298f2-tact-page-visual-regression-firefox\test-failed-1.png
    ────────────────────────────────────────────────────────────────────────────────────────────────

    attachment #2: video (video/webm) ──────────────────────────────────────────────────────────────
    ..\test-results\visual-Visual-Regression-T-298f2-tact-page-visual-regression-firefox\video.webm
    ────────────────────────────────────────────────────────────────────────────────────────────────

    Error Context: ..\test-results\visual-Visual-Regression-T-298f2-tact-page-visual-regression-firefox\error-context.md
]]>
</failure>
<system-out>
<![CDATA[
[[ATTACHMENT|..\test-results\visual-Visual-Regression-T-298f2-tact-page-visual-regression-firefox\test-failed-1.png]]

[[ATTACHMENT|..\test-results\visual-Visual-Regression-T-298f2-tact-page-visual-regression-firefox\video.webm]]

[[ATTACHMENT|..\test-results\visual-Visual-Regression-T-298f2-tact-page-visual-regression-firefox\error-context.md]]
]]>
</system-out>
</testcase>
<testcase name="Visual Regression Tests › mobile visual regression" classname="visual.spec.ts" time="2.764">
<failure message="visual.spec.ts:90:7 mobile visual regression" type="FAILURE">
<![CDATA[  [firefox] › visual.spec.ts:90:7 › Visual Regression Tests › mobile visual regression ─────────────

    Error: page.addStyleTag: [JavaScript Error: "Content-Security-Policy: The page’s settings blocked an inline style (style-src-elem) from being applied because it violates the following directive: “style-src 'self' 'nonce-f300b4a1-4027-4622-a1a4-b545c0137b7a' 'unsafe-inline'”. Consider using a hash ('sha256-ndnUIVBl23TE2z1X+3HPSjGsFlqdy8WzW96+VdyVv1U=', requires 'unsafe-hashes' for style attributes) or a nonce." {file: "debugger eval code line 291 > eval" line: 9}]

       97 |     await utils.waitForPageLoad()
       98 |     
    >  99 |     await page.addStyleTag({
          |                ^
      100 |       content: `
      101 |         .animate-pulse,
      102 |         .animate-spin {
        at C:\Users\torri\Downloads\automatron-website\e2e\visual.spec.ts:99:16

    attachment #1: screenshot (image/png) ──────────────────────────────────────────────────────────
    ..\test-results\visual-Visual-Regression-Tests-mobile-visual-regression-firefox\test-failed-1.png
    ────────────────────────────────────────────────────────────────────────────────────────────────

    attachment #2: video (video/webm) ──────────────────────────────────────────────────────────────
    ..\test-results\visual-Visual-Regression-Tests-mobile-visual-regression-firefox\video.webm
    ────────────────────────────────────────────────────────────────────────────────────────────────

    Error Context: ..\test-results\visual-Visual-Regression-Tests-mobile-visual-regression-firefox\error-context.md
]]>
</failure>
<system-out>
<![CDATA[
[[ATTACHMENT|..\test-results\visual-Visual-Regression-Tests-mobile-visual-regression-firefox\test-failed-1.png]]

[[ATTACHMENT|..\test-results\visual-Visual-Regression-Tests-mobile-visual-regression-firefox\video.webm]]

[[ATTACHMENT|..\test-results\visual-Visual-Regression-Tests-mobile-visual-regression-firefox\error-context.md]]
]]>
</system-out>
</testcase>
<testcase name="Visual Regression Tests › dark theme visual regression" classname="visual.spec.ts" time="3.439">
<failure message="visual.spec.ts:114:7 dark theme visual regression" type="FAILURE">
<![CDATA[  [firefox] › visual.spec.ts:114:7 › Visual Regression Tests › dark theme visual regression ────────

    Error: page.addStyleTag: [JavaScript Error: "Content-Security-Policy: The page’s settings blocked an inline style (style-src-elem) from being applied because it violates the following directive: “style-src 'self' 'nonce-78048905-1e28-4820-baad-3be848f218a8' 'unsafe-inline'”. Consider using a hash ('sha256-ndnUIVBl23TE2z1X+3HPSjGsFlqdy8WzW96+VdyVv1U=', requires 'unsafe-hashes' for style attributes) or a nonce." {file: "debugger eval code line 291 > eval" line: 9}]

      133 |     }
      134 |     
    > 135 |     await page.addStyleTag({
          |                ^
      136 |       content: `
      137 |         .animate-pulse,
      138 |         .animate-spin {
        at C:\Users\torri\Downloads\automatron-website\e2e\visual.spec.ts:135:16

    attachment #1: screenshot (image/png) ──────────────────────────────────────────────────────────
    ..\test-results\visual-Visual-Regression-Tests-dark-theme-visual-regression-firefox\test-failed-1.png
    ────────────────────────────────────────────────────────────────────────────────────────────────

    attachment #2: video (video/webm) ──────────────────────────────────────────────────────────────
    ..\test-results\visual-Visual-Regression-Tests-dark-theme-visual-regression-firefox\video.webm
    ────────────────────────────────────────────────────────────────────────────────────────────────

    Error Context: ..\test-results\visual-Visual-Regression-Tests-dark-theme-visual-regression-firefox\error-context.md
]]>
</failure>
<system-out>
<![CDATA[
[[ATTACHMENT|..\test-results\visual-Visual-Regression-Tests-dark-theme-visual-regression-firefox\test-failed-1.png]]

[[ATTACHMENT|..\test-results\visual-Visual-Regression-Tests-dark-theme-visual-regression-firefox\video.webm]]

[[ATTACHMENT|..\test-results\visual-Visual-Regression-Tests-dark-theme-visual-regression-firefox\error-context.md]]
]]>
</system-out>
</testcase>
<testcase name="Visual Regression Tests › component states visual regression" classname="visual.spec.ts" time="5.385">
<failure message="visual.spec.ts:150:7 component states visual regression" type="FAILURE">
<![CDATA[  [firefox] › visual.spec.ts:150:7 › Visual Regression Tests › component states visual regression ──

    Error: A snapshot doesn't exist at C:\Users\torri\Downloads\automatron-website\e2e\visual.spec.ts-snapshots\button-hover-firefox-win32.png, writing actual.

      162 |       await firstButton.hover()
      163 |       
    > 164 |       await expect(firstButton).toHaveScreenshot('button-hover.png', {
          |       ^
      165 |         animations: 'disabled',
      166 |       })
      167 |     }
        at C:\Users\torri\Downloads\automatron-website\e2e\visual.spec.ts:164:7

    Error: A snapshot doesn't exist at C:\Users\torri\Downloads\automatron-website\e2e\visual.spec.ts-snapshots\input-focus-firefox-win32.png, writing actual.

      178 |       await firstInput.focus()
      179 |       
    > 180 |       await expect(firstInput).toHaveScreenshot('input-focus.png', {
          |       ^
      181 |         animations: 'disabled',
      182 |       })
      183 |     }
        at C:\Users\torri\Downloads\automatron-website\e2e\visual.spec.ts:180:7

    attachment #1: button-hover (image/png) ────────────────────────────────────────────────────────
    Expected: visual.spec.ts-snapshots\button-hover-firefox-win32.png
    Received: ..\test-results\visual-Visual-Regression-T-0f167-nt-states-visual-regression-firefox\button-hover-actual.png
    ────────────────────────────────────────────────────────────────────────────────────────────────

    attachment #2: input-focus (image/png) ─────────────────────────────────────────────────────────
    Expected: visual.spec.ts-snapshots\input-focus-firefox-win32.png
    Received: ..\test-results\visual-Visual-Regression-T-0f167-nt-states-visual-regression-firefox\input-focus-actual.png
    ────────────────────────────────────────────────────────────────────────────────────────────────

    attachment #3: screenshot (image/png) ──────────────────────────────────────────────────────────
    ..\test-results\visual-Visual-Regression-T-0f167-nt-states-visual-regression-firefox\test-failed-1.png
    ────────────────────────────────────────────────────────────────────────────────────────────────

    attachment #4: video (video/webm) ──────────────────────────────────────────────────────────────
    ..\test-results\visual-Visual-Regression-T-0f167-nt-states-visual-regression-firefox\video.webm
    ────────────────────────────────────────────────────────────────────────────────────────────────

    Error Context: ..\test-results\visual-Visual-Regression-T-0f167-nt-states-visual-regression-firefox\error-context.md
]]>
</failure>
<system-out>
<![CDATA[
[[ATTACHMENT|..\e2e\visual.spec.ts-snapshots\button-hover-firefox-win32.png]]

[[ATTACHMENT|..\test-results\visual-Visual-Regression-T-0f167-nt-states-visual-regression-firefox\button-hover-actual.png]]

[[ATTACHMENT|..\e2e\visual.spec.ts-snapshots\input-focus-firefox-win32.png]]

[[ATTACHMENT|..\test-results\visual-Visual-Regression-T-0f167-nt-states-visual-regression-firefox\input-focus-actual.png]]

[[ATTACHMENT|..\test-results\visual-Visual-Regression-T-0f167-nt-states-visual-regression-firefox\test-failed-1.png]]

[[ATTACHMENT|..\test-results\visual-Visual-Regression-T-0f167-nt-states-visual-regression-firefox\video.webm]]

[[ATTACHMENT|..\test-results\visual-Visual-Regression-T-0f167-nt-states-visual-regression-firefox\error-context.md]]
]]>
</system-out>
</testcase>
</testsuite>
<testsuite name="contact.spec.ts" timestamp="2025-09-26T18:08:32.353Z" hostname="webkit" tests="6" failures="2" skipped="0" time="15.814" errors="0">
<testcase name="Contact and Forms › should navigate to contact page" classname="contact.spec.ts" time="3.816">
<failure message="contact.spec.ts:5:7 should navigate to contact page" type="FAILURE">
<![CDATA[  [webkit] › contact.spec.ts:5:7 › Contact and Forms › should navigate to contact page ─────────────

    Error: expect(received).toContain(expected) // indexOf

    Expected substring: "contact"
    Received string:    "http://localhost:3000/en"

      16 |     
      17 |     // Should be on contact page
    > 18 |     expect(page.url()).toContain('contact')
         |                        ^
      19 |   })
      20 |
      21 |   test('should display contact form', async ({ page }) => {
        at C:\Users\torri\Downloads\automatron-website\e2e\contact.spec.ts:18:24

    attachment #1: screenshot (image/png) ──────────────────────────────────────────────────────────
    ..\test-results\contact-Contact-and-Forms-should-navigate-to-contact-page-webkit\test-failed-1.png
    ────────────────────────────────────────────────────────────────────────────────────────────────

    attachment #2: video (video/webm) ──────────────────────────────────────────────────────────────
    ..\test-results\contact-Contact-and-Forms-should-navigate-to-contact-page-webkit\video.webm
    ────────────────────────────────────────────────────────────────────────────────────────────────

    Error Context: ..\test-results\contact-Contact-and-Forms-should-navigate-to-contact-page-webkit\error-context.md
]]>
</failure>
<system-out>
<![CDATA[
[[ATTACHMENT|..\test-results\contact-Contact-and-Forms-should-navigate-to-contact-page-webkit\test-failed-1.png]]

[[ATTACHMENT|..\test-results\contact-Contact-and-Forms-should-navigate-to-contact-page-webkit\video.webm]]

[[ATTACHMENT|..\test-results\contact-Contact-and-Forms-should-navigate-to-contact-page-webkit\error-context.md]]
]]>
</system-out>
</testcase>
<testcase name="Contact and Forms › should display contact form" classname="contact.spec.ts" time="2.563">
</testcase>
<testcase name="Contact and Forms › should validate form fields" classname="contact.spec.ts" time="1.966">
</testcase>
<testcase name="Contact and Forms › should fill and submit contact form" classname="contact.spec.ts" time="1.802">
</testcase>
<testcase name="Contact and Forms › should have accessible contact form" classname="contact.spec.ts" time="1.83">
<failure message="contact.spec.ts:108:7 should have accessible contact form" type="FAILURE">
<![CDATA[  [webkit] › contact.spec.ts:108:7 › Contact and Forms › should have accessible contact form ───────

    Error: expect(received).toBeGreaterThanOrEqual(expected)

    Expected: >= 1
    Received:    0

       at utils.ts:27

      25 |     // Check for proper heading hierarchy
      26 |     const h1Count = await this.page.locator('h1').count()
    > 27 |     expect(h1Count).toBeGreaterThanOrEqual(1)
         |                     ^
      28 |     expect(h1Count).toBeLessThanOrEqual(1) // Should have exactly one h1
      29 |
      30 |     // Check for alt text on images
        at TestUtils.checkBasicAccessibility (C:\Users\torri\Downloads\automatron-website\e2e\utils.ts:27:21)
        at C:\Users\torri\Downloads\automatron-website\e2e\contact.spec.ts:114:5

    attachment #1: screenshot (image/png) ──────────────────────────────────────────────────────────
    ..\test-results\contact-Contact-and-Forms--88827-ave-accessible-contact-form-webkit\test-failed-1.png
    ────────────────────────────────────────────────────────────────────────────────────────────────

    attachment #2: video (video/webm) ──────────────────────────────────────────────────────────────
    ..\test-results\contact-Contact-and-Forms--88827-ave-accessible-contact-form-webkit\video.webm
    ────────────────────────────────────────────────────────────────────────────────────────────────

    Error Context: ..\test-results\contact-Contact-and-Forms--88827-ave-accessible-contact-form-webkit\error-context.md
]]>
</failure>
<system-out>
<![CDATA[
[[ATTACHMENT|..\test-results\contact-Contact-and-Forms--88827-ave-accessible-contact-form-webkit\test-failed-1.png]]

[[ATTACHMENT|..\test-results\contact-Contact-and-Forms--88827-ave-accessible-contact-form-webkit\video.webm]]

[[ATTACHMENT|..\test-results\contact-Contact-and-Forms--88827-ave-accessible-contact-form-webkit\error-context.md]]
]]>
</system-out>
</testcase>
<testcase name="Contact and Forms › should be responsive on contact page" classname="contact.spec.ts" time="3.837">
</testcase>
</testsuite>
<testsuite name="homepage.spec.ts" timestamp="2025-09-26T18:08:32.353Z" hostname="webkit" tests="9" failures="2" skipped="0" time="56.255" errors="0">
<testcase name="Homepage › should load homepage successfully" classname="homepage.spec.ts" time="7.002">
<failure message="homepage.spec.ts:9:7 should load homepage successfully" type="FAILURE">
<![CDATA[  [webkit] › homepage.spec.ts:9:7 › Homepage › should load homepage successfully ───────────────────

    Error: expect(locator).toContainText(expected) failed

    Locator: locator('h1').first()
    Expected pattern: /save.*hours/i
    Received string:  "Simple automations. Real time saved."
    Timeout: 5000ms

    Call log:
      - Expect "toContainText" with timeout 5000ms
      - waiting for locator('h1').first()
        9 × locator resolved to <h1 class="font-display text-balance text-display-xl hero-h1 text-[34px] sm:text-[48px] lg:text-[56px] font-bold tracking-tight max-w-[22ch] sm:max-w-[640px] mx-auto">Simple automations. Real time saved.</h1>
          - unexpected value "Simple automations. Real time saved."


      17 |     const h1 = page.locator('h1').first()
      18 |     await expect(h1).toBeVisible()
    > 19 |     await expect(h1).toContainText(/save.*hours/i)
         |                      ^
      20 |   })
      21 |
      22 |   test('should have proper navigation', async ({ page }) => {
        at C:\Users\torri\Downloads\automatron-website\e2e\homepage.spec.ts:19:22

    attachment #1: screenshot (image/png) ──────────────────────────────────────────────────────────
    ..\test-results\homepage-Homepage-should-load-homepage-successfully-webkit\test-failed-1.png
    ────────────────────────────────────────────────────────────────────────────────────────────────

    attachment #2: video (video/webm) ──────────────────────────────────────────────────────────────
    ..\test-results\homepage-Homepage-should-load-homepage-successfully-webkit\video.webm
    ────────────────────────────────────────────────────────────────────────────────────────────────

    Error Context: ..\test-results\homepage-Homepage-should-load-homepage-successfully-webkit\error-context.md
]]>
</failure>
<system-out>
<![CDATA[
[[ATTACHMENT|..\test-results\homepage-Homepage-should-load-homepage-successfully-webkit\test-failed-1.png]]

[[ATTACHMENT|..\test-results\homepage-Homepage-should-load-homepage-successfully-webkit\video.webm]]

[[ATTACHMENT|..\test-results\homepage-Homepage-should-load-homepage-successfully-webkit\error-context.md]]
]]>
</system-out>
</testcase>
<testcase name="Homepage › should have proper navigation" classname="homepage.spec.ts" time="1.947">
</testcase>
<testcase name="Homepage › should display hero section with CTA" classname="homepage.spec.ts" time="1.945">
</testcase>
<testcase name="Homepage › should display service overview cards" classname="homepage.spec.ts" time="1.971">
</testcase>
<testcase name="Homepage › should be accessible" classname="homepage.spec.ts" time="1.963">
</testcase>
<testcase name="Homepage › should be responsive" classname="homepage.spec.ts" time="3.99">
</testcase>
<testcase name="Homepage › should have good performance" classname="homepage.spec.ts" time="3.92">
</testcase>
<testcase name="Homepage › should handle theme switching" classname="homepage.spec.ts" time="30.136">
<failure message="homepage.spec.ts:91:7 should handle theme switching" type="FAILURE">
<![CDATA[  [webkit] › homepage.spec.ts:91:7 › Homepage › should handle theme switching ──────────────────────

    Test timeout of 30000ms exceeded.

    Error: locator.click: Test timeout of 30000ms exceeded.
    Call log:
      - waiting for locator('[aria-label*="theme"], [data-testid="theme-toggle"]').first()
        - locator resolved to <button disabled aria-label="Toggle theme" class="rounded-md border border-border bg-surface px-3 py-2">Theme</button>
      - attempting click action
        2 × waiting for element to be visible, enabled and stable
          - element is not enabled
        - retrying click action
        - waiting 20ms
        2 × waiting for element to be visible, enabled and stable
          - element is not enabled
        - retrying click action
          - waiting 100ms
        41 × waiting for element to be visible, enabled and stable
           - element is not enabled
         - retrying click action
           - waiting 500ms


       at utils.ts:123

      121 |     
      122 |     if (await themeToggle.count() > 0) {
    > 123 |       await themeToggle.click()
          |                         ^
      124 |       await this.page.waitForTimeout(500) // Wait for theme transition
      125 |       
      126 |       // Check that theme actually changed
        at TestUtils.testThemeSwitch (C:\Users\torri\Downloads\automatron-website\e2e\utils.ts:123:25)
        at C:\Users\torri\Downloads\automatron-website\e2e\homepage.spec.ts:94:5

    attachment #1: screenshot (image/png) ──────────────────────────────────────────────────────────
    ..\test-results\homepage-Homepage-should-handle-theme-switching-webkit\test-failed-1.png
    ────────────────────────────────────────────────────────────────────────────────────────────────

    attachment #2: video (video/webm) ──────────────────────────────────────────────────────────────
    ..\test-results\homepage-Homepage-should-handle-theme-switching-webkit\video.webm
    ────────────────────────────────────────────────────────────────────────────────────────────────

    Error Context: ..\test-results\homepage-Homepage-should-handle-theme-switching-webkit\error-context.md
]]>
</failure>
<system-out>
<![CDATA[
[[ATTACHMENT|..\test-results\homepage-Homepage-should-handle-theme-switching-webkit\test-failed-1.png]]

[[ATTACHMENT|..\test-results\homepage-Homepage-should-handle-theme-switching-webkit\video.webm]]

[[ATTACHMENT|..\test-results\homepage-Homepage-should-handle-theme-switching-webkit\error-context.md]]
]]>
</system-out>
</testcase>
<testcase name="Homepage › should not have console errors" classname="homepage.spec.ts" time="3.381">
</testcase>
</testsuite>
<testsuite name="services.spec.ts" timestamp="2025-09-26T18:08:32.353Z" hostname="webkit" tests="5" failures="2" skipped="0" time="12.827" errors="0">
<testcase name="Services Pages › should navigate to services from homepage" classname="services.spec.ts" time="3.133">
<failure message="services.spec.ts:5:7 should navigate to services from homepage" type="FAILURE">
<![CDATA[  [webkit] › services.spec.ts:5:7 › Services Pages › should navigate to services from homepage ─────

    Error: expect(received).toContain(expected) // indexOf

    Expected substring: "services"
    Received string:    "http://localhost:3000/en"

      16 |     
      17 |     // Should be on services page
    > 18 |     expect(page.url()).toContain('services')
         |                        ^
      19 |     
      20 |     // Check page content
      21 |     const h1 = page.locator('h1').first()
        at C:\Users\torri\Downloads\automatron-website\e2e\services.spec.ts:18:24

    attachment #1: screenshot (image/png) ──────────────────────────────────────────────────────────
    ..\test-results\services-Services-Pages-sh-f11b8-e-to-services-from-homepage-webkit\test-failed-1.png
    ────────────────────────────────────────────────────────────────────────────────────────────────

    attachment #2: video (video/webm) ──────────────────────────────────────────────────────────────
    ..\test-results\services-Services-Pages-sh-f11b8-e-to-services-from-homepage-webkit\video.webm
    ────────────────────────────────────────────────────────────────────────────────────────────────

    Error Context: ..\test-results\services-Services-Pages-sh-f11b8-e-to-services-from-homepage-webkit\error-context.md
]]>
</failure>
<system-out>
<![CDATA[
[[ATTACHMENT|..\test-results\services-Services-Pages-sh-f11b8-e-to-services-from-homepage-webkit\test-failed-1.png]]

[[ATTACHMENT|..\test-results\services-Services-Pages-sh-f11b8-e-to-services-from-homepage-webkit\video.webm]]

[[ATTACHMENT|..\test-results\services-Services-Pages-sh-f11b8-e-to-services-from-homepage-webkit\error-context.md]]
]]>
</system-out>
</testcase>
<testcase name="Services Pages › should display service categories" classname="services.spec.ts" time="1.902">
</testcase>
<testcase name="Services Pages › should show service details and pricing" classname="services.spec.ts" time="1.906">
</testcase>
<testcase name="Services Pages › should have accessible service pages" classname="services.spec.ts" time="1.972">
<failure message="services.spec.ts:67:7 should have accessible service pages" type="FAILURE">
<![CDATA[  [webkit] › services.spec.ts:67:7 › Services Pages › should have accessible service pages ─────────

    Error: expect(received).toBeGreaterThanOrEqual(expected)

    Expected: >= 1
    Received:    0

       at utils.ts:27

      25 |     // Check for proper heading hierarchy
      26 |     const h1Count = await this.page.locator('h1').count()
    > 27 |     expect(h1Count).toBeGreaterThanOrEqual(1)
         |                     ^
      28 |     expect(h1Count).toBeLessThanOrEqual(1) // Should have exactly one h1
      29 |
      30 |     // Check for alt text on images
        at TestUtils.checkBasicAccessibility (C:\Users\torri\Downloads\automatron-website\e2e\utils.ts:27:21)
        at C:\Users\torri\Downloads\automatron-website\e2e\services.spec.ts:73:5

    attachment #1: screenshot (image/png) ──────────────────────────────────────────────────────────
    ..\test-results\services-Services-Pages-should-have-accessible-service-pages-webkit\test-failed-1.png
    ────────────────────────────────────────────────────────────────────────────────────────────────

    attachment #2: video (video/webm) ──────────────────────────────────────────────────────────────
    ..\test-results\services-Services-Pages-should-have-accessible-service-pages-webkit\video.webm
    ────────────────────────────────────────────────────────────────────────────────────────────────

    Error Context: ..\test-results\services-Services-Pages-should-have-accessible-service-pages-webkit\error-context.md
]]>
</failure>
<system-out>
<![CDATA[
[[ATTACHMENT|..\test-results\services-Services-Pages-should-have-accessible-service-pages-webkit\test-failed-1.png]]

[[ATTACHMENT|..\test-results\services-Services-Pages-should-have-accessible-service-pages-webkit\video.webm]]

[[ATTACHMENT|..\test-results\services-Services-Pages-should-have-accessible-service-pages-webkit\error-context.md]]
]]>
</system-out>
</testcase>
<testcase name="Services Pages › should be responsive on services page" classname="services.spec.ts" time="3.914">
</testcase>
</testsuite>
<testsuite name="visual.spec.ts" timestamp="2025-09-26T18:08:32.353Z" hostname="webkit" tests="6" failures="6" skipped="0" time="42.103" errors="0">
<testcase name="Visual Regression Tests › homepage visual regression" classname="visual.spec.ts" time="1.975">
<failure message="visual.spec.ts:10:7 homepage visual regression" type="FAILURE">
<![CDATA[  [webkit] › visual.spec.ts:10:7 › Visual Regression Tests › homepage visual regression ────────────

    Error: page.addStyleTag: Refused to apply a stylesheet because its hash, its nonce, or 'unsafe-inline' does not appear in the style-src directive of the Content Security Policy.

      15 |     
      16 |     // Hide dynamic content that might cause flaky tests
    > 17 |     await page.addStyleTag({
         |                ^
      18 |       content: `
      19 |         [data-testid="current-time"],
      20 |         .animate-pulse,
        at C:\Users\torri\Downloads\automatron-website\e2e\visual.spec.ts:17:16

    attachment #1: screenshot (image/png) ──────────────────────────────────────────────────────────
    ..\test-results\visual-Visual-Regression-Tests-homepage-visual-regression-webkit\test-failed-1.png
    ────────────────────────────────────────────────────────────────────────────────────────────────

    attachment #2: video (video/webm) ──────────────────────────────────────────────────────────────
    ..\test-results\visual-Visual-Regression-Tests-homepage-visual-regression-webkit\video.webm
    ────────────────────────────────────────────────────────────────────────────────────────────────

    Error Context: ..\test-results\visual-Visual-Regression-Tests-homepage-visual-regression-webkit\error-context.md
]]>
</failure>
<system-out>
<![CDATA[
[[ATTACHMENT|..\test-results\visual-Visual-Regression-Tests-homepage-visual-regression-webkit\test-failed-1.png]]

[[ATTACHMENT|..\test-results\visual-Visual-Regression-Tests-homepage-visual-regression-webkit\video.webm]]

[[ATTACHMENT|..\test-results\visual-Visual-Regression-Tests-homepage-visual-regression-webkit\error-context.md]]
]]>
</system-out>
</testcase>
<testcase name="Visual Regression Tests › services page visual regression" classname="visual.spec.ts" time="1.952">
<failure message="visual.spec.ts:40:7 services page visual regression" type="FAILURE">
<![CDATA[  [webkit] › visual.spec.ts:40:7 › Visual Regression Tests › services page visual regression ───────

    Error: page.addStyleTag: Refused to apply a stylesheet because its hash, its nonce, or 'unsafe-inline' does not appear in the style-src directive of the Content Security Policy.

      44 |     await utils.waitForPageLoad()
      45 |     
    > 46 |     await page.addStyleTag({
         |                ^
      47 |       content: `
      48 |         .animate-pulse,
      49 |         .animate-spin {
        at C:\Users\torri\Downloads\automatron-website\e2e\visual.spec.ts:46:16

    attachment #1: screenshot (image/png) ──────────────────────────────────────────────────────────
    ..\test-results\visual-Visual-Regression-T-e4ede-ices-page-visual-regression-webkit\test-failed-1.png
    ────────────────────────────────────────────────────────────────────────────────────────────────

    attachment #2: video (video/webm) ──────────────────────────────────────────────────────────────
    ..\test-results\visual-Visual-Regression-T-e4ede-ices-page-visual-regression-webkit\video.webm
    ────────────────────────────────────────────────────────────────────────────────────────────────

    Error Context: ..\test-results\visual-Visual-Regression-T-e4ede-ices-page-visual-regression-webkit\error-context.md
]]>
</failure>
<system-out>
<![CDATA[
[[ATTACHMENT|..\test-results\visual-Visual-Regression-T-e4ede-ices-page-visual-regression-webkit\test-failed-1.png]]

[[ATTACHMENT|..\test-results\visual-Visual-Regression-T-e4ede-ices-page-visual-regression-webkit\video.webm]]

[[ATTACHMENT|..\test-results\visual-Visual-Regression-T-e4ede-ices-page-visual-regression-webkit\error-context.md]]
]]>
</system-out>
</testcase>
<testcase name="Visual Regression Tests › contact page visual regression" classname="visual.spec.ts" time="2.065">
<failure message="visual.spec.ts:61:7 contact page visual regression" type="FAILURE">
<![CDATA[  [webkit] › visual.spec.ts:61:7 › Visual Regression Tests › contact page visual regression ────────

    Error: A snapshot doesn't exist at C:\Users\torri\Downloads\automatron-website\e2e\visual.spec.ts-snapshots\contact-full-webkit-win32.png, writing actual.

      74 |     })
      75 |     
    > 76 |     await expect(page).toHaveScreenshot('contact-full.png', {
         |     ^
      77 |       fullPage: true,
      78 |       animations: 'disabled',
      79 |     })
        at C:\Users\torri\Downloads\automatron-website\e2e\visual.spec.ts:76:5

    attachment #1: contact-full (image/png) ────────────────────────────────────────────────────────
    Expected: visual.spec.ts-snapshots\contact-full-webkit-win32.png
    Received: ..\test-results\visual-Visual-Regression-T-298f2-tact-page-visual-regression-webkit\contact-full-actual.png
    ────────────────────────────────────────────────────────────────────────────────────────────────

    attachment #2: screenshot (image/png) ──────────────────────────────────────────────────────────
    ..\test-results\visual-Visual-Regression-T-298f2-tact-page-visual-regression-webkit\test-failed-1.png
    ────────────────────────────────────────────────────────────────────────────────────────────────

    attachment #3: video (video/webm) ──────────────────────────────────────────────────────────────
    ..\test-results\visual-Visual-Regression-T-298f2-tact-page-visual-regression-webkit\video.webm
    ────────────────────────────────────────────────────────────────────────────────────────────────

    Error Context: ..\test-results\visual-Visual-Regression-T-298f2-tact-page-visual-regression-webkit\error-context.md
]]>
</failure>
<system-out>
<![CDATA[
[[ATTACHMENT|..\e2e\visual.spec.ts-snapshots\contact-full-webkit-win32.png]]

[[ATTACHMENT|..\test-results\visual-Visual-Regression-T-298f2-tact-page-visual-regression-webkit\contact-full-actual.png]]

[[ATTACHMENT|..\test-results\visual-Visual-Regression-T-298f2-tact-page-visual-regression-webkit\test-failed-1.png]]

[[ATTACHMENT|..\test-results\visual-Visual-Regression-T-298f2-tact-page-visual-regression-webkit\video.webm]]

[[ATTACHMENT|..\test-results\visual-Visual-Regression-T-298f2-tact-page-visual-regression-webkit\error-context.md]]
]]>
</system-out>
</testcase>
<testcase name="Visual Regression Tests › mobile visual regression" classname="visual.spec.ts" time="1.89">
<failure message="visual.spec.ts:90:7 mobile visual regression" type="FAILURE">
<![CDATA[  [webkit] › visual.spec.ts:90:7 › Visual Regression Tests › mobile visual regression ──────────────

    Error: page.addStyleTag: Refused to apply a stylesheet because its hash, its nonce, or 'unsafe-inline' does not appear in the style-src directive of the Content Security Policy.

       97 |     await utils.waitForPageLoad()
       98 |     
    >  99 |     await page.addStyleTag({
          |                ^
      100 |       content: `
      101 |         .animate-pulse,
      102 |         .animate-spin {
        at C:\Users\torri\Downloads\automatron-website\e2e\visual.spec.ts:99:16

    attachment #1: screenshot (image/png) ──────────────────────────────────────────────────────────
    ..\test-results\visual-Visual-Regression-Tests-mobile-visual-regression-webkit\test-failed-1.png
    ────────────────────────────────────────────────────────────────────────────────────────────────

    attachment #2: video (video/webm) ──────────────────────────────────────────────────────────────
    ..\test-results\visual-Visual-Regression-Tests-mobile-visual-regression-webkit\video.webm
    ────────────────────────────────────────────────────────────────────────────────────────────────

    Error Context: ..\test-results\visual-Visual-Regression-Tests-mobile-visual-regression-webkit\error-context.md
]]>
</failure>
<system-out>
<![CDATA[
[[ATTACHMENT|..\test-results\visual-Visual-Regression-Tests-mobile-visual-regression-webkit\test-failed-1.png]]

[[ATTACHMENT|..\test-results\visual-Visual-Regression-Tests-mobile-visual-regression-webkit\video.webm]]

[[ATTACHMENT|..\test-results\visual-Visual-Regression-Tests-mobile-visual-regression-webkit\error-context.md]]
]]>
</system-out>
</testcase>
<testcase name="Visual Regression Tests › dark theme visual regression" classname="visual.spec.ts" time="30.155">
<failure message="visual.spec.ts:114:7 dark theme visual regression" type="FAILURE">
<![CDATA[  [webkit] › visual.spec.ts:114:7 › Visual Regression Tests › dark theme visual regression ─────────

    Test timeout of 30000ms exceeded.

    Error: locator.click: Test timeout of 30000ms exceeded.
    Call log:
      - waiting for locator('[aria-label*="theme"], [data-testid="theme-toggle"]').first()
        - locator resolved to <button disabled aria-label="Toggle theme" class="rounded-md border border-border bg-surface px-3 py-2">Theme</button>
      - attempting click action
        2 × waiting for element to be visible, enabled and stable
          - element is not enabled
        - retrying click action
        - waiting 20ms
        2 × waiting for element to be visible, enabled and stable
          - element is not enabled
        - retrying click action
          - waiting 100ms
        41 × waiting for element to be visible, enabled and stable
           - element is not enabled
         - retrying click action
           - waiting 500ms


      121 |     const themeToggle = page.locator('[aria-label*="theme"], [data-testid="theme-toggle"]').first()
      122 |     if (await themeToggle.count() > 0) {
    > 123 |       await themeToggle.click()
          |                         ^
      124 |       await page.waitForTimeout(500) // Wait for theme transition
      125 |     } else {
      126 |       // Manually set dark theme if no toggle found
        at C:\Users\torri\Downloads\automatron-website\e2e\visual.spec.ts:123:25

    attachment #1: screenshot (image/png) ──────────────────────────────────────────────────────────
    ..\test-results\visual-Visual-Regression-Tests-dark-theme-visual-regression-webkit\test-failed-1.png
    ────────────────────────────────────────────────────────────────────────────────────────────────

    attachment #2: video (video/webm) ──────────────────────────────────────────────────────────────
    ..\test-results\visual-Visual-Regression-Tests-dark-theme-visual-regression-webkit\video.webm
    ────────────────────────────────────────────────────────────────────────────────────────────────

    Error Context: ..\test-results\visual-Visual-Regression-Tests-dark-theme-visual-regression-webkit\error-context.md
]]>
</failure>
<system-out>
<![CDATA[
[[ATTACHMENT|..\test-results\visual-Visual-Regression-Tests-dark-theme-visual-regression-webkit\test-failed-1.png]]

[[ATTACHMENT|..\test-results\visual-Visual-Regression-Tests-dark-theme-visual-regression-webkit\video.webm]]

[[ATTACHMENT|..\test-results\visual-Visual-Regression-Tests-dark-theme-visual-regression-webkit\error-context.md]]
]]>
</system-out>
</testcase>
<testcase name="Visual Regression Tests › component states visual regression" classname="visual.spec.ts" time="4.066">
<failure message="visual.spec.ts:150:7 component states visual regression" type="FAILURE">
<![CDATA[  [webkit] › visual.spec.ts:150:7 › Visual Regression Tests › component states visual regression ───

    Error: A snapshot doesn't exist at C:\Users\torri\Downloads\automatron-website\e2e\visual.spec.ts-snapshots\button-hover-webkit-win32.png, writing actual.

      162 |       await firstButton.hover()
      163 |       
    > 164 |       await expect(firstButton).toHaveScreenshot('button-hover.png', {
          |       ^
      165 |         animations: 'disabled',
      166 |       })
      167 |     }
        at C:\Users\torri\Downloads\automatron-website\e2e\visual.spec.ts:164:7

    attachment #1: button-hover (image/png) ────────────────────────────────────────────────────────
    Expected: visual.spec.ts-snapshots\button-hover-webkit-win32.png
    Received: ..\test-results\visual-Visual-Regression-T-0f167-nt-states-visual-regression-webkit\button-hover-actual.png
    ────────────────────────────────────────────────────────────────────────────────────────────────

    attachment #2: screenshot (image/png) ──────────────────────────────────────────────────────────
    ..\test-results\visual-Visual-Regression-T-0f167-nt-states-visual-regression-webkit\test-failed-1.png
    ────────────────────────────────────────────────────────────────────────────────────────────────

    attachment #3: video (video/webm) ──────────────────────────────────────────────────────────────
    ..\test-results\visual-Visual-Regression-T-0f167-nt-states-visual-regression-webkit\video.webm
    ────────────────────────────────────────────────────────────────────────────────────────────────

    Error Context: ..\test-results\visual-Visual-Regression-T-0f167-nt-states-visual-regression-webkit\error-context.md
]]>
</failure>
<system-out>
<![CDATA[
[[ATTACHMENT|..\e2e\visual.spec.ts-snapshots\button-hover-webkit-win32.png]]

[[ATTACHMENT|..\test-results\visual-Visual-Regression-T-0f167-nt-states-visual-regression-webkit\button-hover-actual.png]]

[[ATTACHMENT|..\test-results\visual-Visual-Regression-T-0f167-nt-states-visual-regression-webkit\test-failed-1.png]]

[[ATTACHMENT|..\test-results\visual-Visual-Regression-T-0f167-nt-states-visual-regression-webkit\video.webm]]

[[ATTACHMENT|..\test-results\visual-Visual-Regression-T-0f167-nt-states-visual-regression-webkit\error-context.md]]
]]>
</system-out>
</testcase>
</testsuite>
<testsuite name="contact.spec.ts" timestamp="2025-09-26T18:08:32.353Z" hostname="Mobile Chrome" tests="6" failures="2" skipped="0" time="41.601" errors="0">
<testcase name="Contact and Forms › should navigate to contact page" classname="contact.spec.ts" time="30.715">
<failure message="contact.spec.ts:5:7 should navigate to contact page" type="FAILURE">
<![CDATA[  [Mobile Chrome] › contact.spec.ts:5:7 › Contact and Forms › should navigate to contact page ──────

    Test timeout of 30000ms exceeded.

    Error: locator.click: Test timeout of 30000ms exceeded.
    Call log:
      - waiting for locator('a[href*="contact"], a:has-text("Contact")').first()
        - locator resolved to <a href="/contact" class="hidden sm:block">…</a>
      - attempting click action
        2 × waiting for element to be visible, enabled and stable
          - element is not visible
        - retrying click action
        - waiting 20ms
        2 × waiting for element to be visible, enabled and stable
          - element is not visible
        - retrying click action
          - waiting 100ms
        52 × waiting for element to be visible, enabled and stable
           - element is not visible
         - retrying click action
           - waiting 500ms


      11 |     // Click contact link
      12 |     const contactLink = page.locator('a[href*="contact"], a:has-text("Contact")').first()
    > 13 |     await contactLink.click()
         |                       ^
      14 |     
      15 |     await utils.waitForPageLoad()
      16 |     
        at C:\Users\torri\Downloads\automatron-website\e2e\contact.spec.ts:13:23

    attachment #1: screenshot (image/png) ──────────────────────────────────────────────────────────
    ..\test-results\contact-Contact-and-Forms-should-navigate-to-contact-page-Mobile-Chrome\test-failed-1.png
    ────────────────────────────────────────────────────────────────────────────────────────────────

    attachment #2: video (video/webm) ──────────────────────────────────────────────────────────────
    ..\test-results\contact-Contact-and-Forms-should-navigate-to-contact-page-Mobile-Chrome\video.webm
    ────────────────────────────────────────────────────────────────────────────────────────────────

    Error Context: ..\test-results\contact-Contact-and-Forms-should-navigate-to-contact-page-Mobile-Chrome\error-context.md
]]>
</failure>
<system-out>
<![CDATA[
[[ATTACHMENT|..\test-results\contact-Contact-and-Forms-should-navigate-to-contact-page-Mobile-Chrome\test-failed-1.png]]

[[ATTACHMENT|..\test-results\contact-Contact-and-Forms-should-navigate-to-contact-page-Mobile-Chrome\video.webm]]

[[ATTACHMENT|..\test-results\contact-Contact-and-Forms-should-navigate-to-contact-page-Mobile-Chrome\error-context.md]]
]]>
</system-out>
</testcase>
<testcase name="Contact and Forms › should display contact form" classname="contact.spec.ts" time="1.774">
</testcase>
<testcase name="Contact and Forms › should validate form fields" classname="contact.spec.ts" time="1.787">
</testcase>
<testcase name="Contact and Forms › should fill and submit contact form" classname="contact.spec.ts" time="1.768">
</testcase>
<testcase name="Contact and Forms › should have accessible contact form" classname="contact.spec.ts" time="1.769">
<failure message="contact.spec.ts:108:7 should have accessible contact form" type="FAILURE">
<![CDATA[  [Mobile Chrome] › contact.spec.ts:108:7 › Contact and Forms › should have accessible contact form 

    Error: expect(received).toBeGreaterThanOrEqual(expected)

    Expected: >= 1
    Received:    0

       at utils.ts:27

      25 |     // Check for proper heading hierarchy
      26 |     const h1Count = await this.page.locator('h1').count()
    > 27 |     expect(h1Count).toBeGreaterThanOrEqual(1)
         |                     ^
      28 |     expect(h1Count).toBeLessThanOrEqual(1) // Should have exactly one h1
      29 |
      30 |     // Check for alt text on images
        at TestUtils.checkBasicAccessibility (C:\Users\torri\Downloads\automatron-website\e2e\utils.ts:27:21)
        at C:\Users\torri\Downloads\automatron-website\e2e\contact.spec.ts:114:5

    attachment #1: screenshot (image/png) ──────────────────────────────────────────────────────────
    ..\test-results\contact-Contact-and-Forms--88827-ave-accessible-contact-form-Mobile-Chrome\test-failed-1.png
    ────────────────────────────────────────────────────────────────────────────────────────────────

    attachment #2: video (video/webm) ──────────────────────────────────────────────────────────────
    ..\test-results\contact-Contact-and-Forms--88827-ave-accessible-contact-form-Mobile-Chrome\video.webm
    ────────────────────────────────────────────────────────────────────────────────────────────────

    Error Context: ..\test-results\contact-Contact-and-Forms--88827-ave-accessible-contact-form-Mobile-Chrome\error-context.md
]]>
</failure>
<system-out>
<![CDATA[
[[ATTACHMENT|..\test-results\contact-Contact-and-Forms--88827-ave-accessible-contact-form-Mobile-Chrome\test-failed-1.png]]

[[ATTACHMENT|..\test-results\contact-Contact-and-Forms--88827-ave-accessible-contact-form-Mobile-Chrome\video.webm]]

[[ATTACHMENT|..\test-results\contact-Contact-and-Forms--88827-ave-accessible-contact-form-Mobile-Chrome\error-context.md]]
]]>
</system-out>
</testcase>
<testcase name="Contact and Forms › should be responsive on contact page" classname="contact.spec.ts" time="3.788">
</testcase>
</testsuite>
<testsuite name="homepage.spec.ts" timestamp="2025-09-26T18:08:32.353Z" hostname="Mobile Chrome" tests="9" failures="3" skipped="0" time="33.499" errors="0">
<testcase name="Homepage › should load homepage successfully" classname="homepage.spec.ts" time="7.283">
<failure message="homepage.spec.ts:9:7 should load homepage successfully" type="FAILURE">
<![CDATA[  [Mobile Chrome] › homepage.spec.ts:9:7 › Homepage › should load homepage successfully ────────────

    Error: expect(locator).toContainText(expected) failed

    Locator: locator('h1').first()
    Expected pattern: /save.*hours/i
    Received string:  "Simple automations. Real time saved."
    Timeout: 5000ms

    Call log:
      - Expect "toContainText" with timeout 5000ms
      - waiting for locator('h1').first()
        9 × locator resolved to <h1 class="font-display text-balance text-display-xl hero-h1 text-[34px] sm:text-[48px] lg:text-[56px] font-bold tracking-tight max-w-[22ch] sm:max-w-[640px] mx-auto">Simple automations. Real time saved.</h1>
          - unexpected value "Simple automations. Real time saved."


      17 |     const h1 = page.locator('h1').first()
      18 |     await expect(h1).toBeVisible()
    > 19 |     await expect(h1).toContainText(/save.*hours/i)
         |                      ^
      20 |   })
      21 |
      22 |   test('should have proper navigation', async ({ page }) => {
        at C:\Users\torri\Downloads\automatron-website\e2e\homepage.spec.ts:19:22

    attachment #1: screenshot (image/png) ──────────────────────────────────────────────────────────
    ..\test-results\homepage-Homepage-should-load-homepage-successfully-Mobile-Chrome\test-failed-1.png
    ────────────────────────────────────────────────────────────────────────────────────────────────

    attachment #2: video (video/webm) ──────────────────────────────────────────────────────────────
    ..\test-results\homepage-Homepage-should-load-homepage-successfully-Mobile-Chrome\video.webm
    ────────────────────────────────────────────────────────────────────────────────────────────────

    Error Context: ..\test-results\homepage-Homepage-should-load-homepage-successfully-Mobile-Chrome\error-context.md
]]>
</failure>
<system-out>
<![CDATA[
[[ATTACHMENT|..\test-results\homepage-Homepage-should-load-homepage-successfully-Mobile-Chrome\test-failed-1.png]]

[[ATTACHMENT|..\test-results\homepage-Homepage-should-load-homepage-successfully-Mobile-Chrome\video.webm]]

[[ATTACHMENT|..\test-results\homepage-Homepage-should-load-homepage-successfully-Mobile-Chrome\error-context.md]]
]]>
</system-out>
</testcase>
<testcase name="Homepage › should have proper navigation" classname="homepage.spec.ts" time="7.33">
<failure message="homepage.spec.ts:22:7 should have proper navigation" type="FAILURE">
<![CDATA[  [Mobile Chrome] › homepage.spec.ts:22:7 › Homepage › should have proper navigation ───────────────

    Error: expect(locator).toBeVisible() failed

    Locator:  locator('a[href*="contact"], a:has-text("Contact")').first()
    Expected: visible
    Received: hidden
    Timeout:  5000ms

    Call log:
      - Expect "toBeVisible" with timeout 5000ms
      - waiting for locator('a[href*="contact"], a:has-text("Contact")').first()
        9 × locator resolved to <a href="/contact" class="hidden sm:block">…</a>
          - unexpected value "hidden"


      35 |     if (await servicesLink.count() > 0) await expect(servicesLink).toBeVisible()
      36 |     if (await aboutLink.count() > 0) await expect(aboutLink).toBeVisible()
    > 37 |     if (await contactLink.count() > 0) await expect(contactLink).toBeVisible()
         |                                                                  ^
      38 |   })
      39 |
      40 |   test('should display hero section with CTA', async ({ page }) => {
        at C:\Users\torri\Downloads\automatron-website\e2e\homepage.spec.ts:37:66

    attachment #1: screenshot (image/png) ──────────────────────────────────────────────────────────
    ..\test-results\homepage-Homepage-should-have-proper-navigation-Mobile-Chrome\test-failed-1.png
    ────────────────────────────────────────────────────────────────────────────────────────────────

    attachment #2: video (video/webm) ──────────────────────────────────────────────────────────────
    ..\test-results\homepage-Homepage-should-have-proper-navigation-Mobile-Chrome\video.webm
    ────────────────────────────────────────────────────────────────────────────────────────────────

    Error Context: ..\test-results\homepage-Homepage-should-have-proper-navigation-Mobile-Chrome\error-context.md
]]>
</failure>
<system-out>
<![CDATA[
[[ATTACHMENT|..\test-results\homepage-Homepage-should-have-proper-navigation-Mobile-Chrome\test-failed-1.png]]

[[ATTACHMENT|..\test-results\homepage-Homepage-should-have-proper-navigation-Mobile-Chrome\video.webm]]

[[ATTACHMENT|..\test-results\homepage-Homepage-should-have-proper-navigation-Mobile-Chrome\error-context.md]]
]]>
</system-out>
</testcase>
<testcase name="Homepage › should display hero section with CTA" classname="homepage.spec.ts" time="2.327">
</testcase>
<testcase name="Homepage › should display service overview cards" classname="homepage.spec.ts" time="2.33">
</testcase>
<testcase name="Homepage › should be accessible" classname="homepage.spec.ts" time="2.214">
</testcase>
<testcase name="Homepage › should be responsive" classname="homepage.spec.ts" time="4.795">
</testcase>
<testcase name="Homepage › should have good performance" classname="homepage.spec.ts" time="2.244">
</testcase>
<testcase name="Homepage › should handle theme switching" classname="homepage.spec.ts" time="2.285">
</testcase>
<testcase name="Homepage › should not have console errors" classname="homepage.spec.ts" time="2.691">
<failure message="homepage.spec.ts:97:7 should not have console errors" type="FAILURE">
<![CDATA[  [Mobile Chrome] › homepage.spec.ts:97:7 › Homepage › should not have console errors ──────────────

    Error: expect(received).toHaveLength(expected)

    Expected length: 0
    Received length: 38
    Received array:  ["Warning: Prop `%s` did not match. Server: %s Client: %s%s className \"__variable_f367f3 font-sans\" \"__variable_f367f3 font-sans antialiased bg-background text-foreground\"·
        at body
        at html
        at LocaleLayout (Server)
        at InnerLayoutRouter (webpack-internal:///(app-pages-browser)/./node_modules/next/dist/client/components/layout-router.js:243:11)
        at RedirectErrorBoundary (webpack-internal:///(app-pages-browser)/./node_modules/next/dist/client/components/redirect-boundary.js:74:9)
        at RedirectBoundary (webpack-internal:///(app-pages-browser)/./node_modules/next/dist/client/components/redirect-boundary.js:82:11)
        at NotFoundErrorBoundary (webpack-internal:///(app-pages-browser)/./node_modules/next/dist/client/components/not-found-boundary.js:76:9)
        at NotFoundBoundary (webpack-internal:///(app-pages-browser)/./node_modules/next/dist/client/components/not-found-boundary.js:84:11)
        at LoadingBoundary (webpack-internal:///(app-pages-browser)/./node_modules/next/dist/client/components/layout-router.js:349:11)
        at ErrorBoundaryHandler (webpack-internal:///(app-pages-browser)/./node_modules/next/dist/client/components/error-boundary.js:113:9)
        at ErrorBoundary (webpack-internal:///(app-pages-browser)/./node_modules/next/dist/client/components/error-boundary.js:160:11)
        at InnerScrollAndFocusHandler (webpack-internal:///(app-pages-browser)/./node_modules/next/dist/client/components/layout-router.js:153:9)
        at ScrollAndFocusHandler (webpack-internal:///(app-pages-browser)/./node_modules/next/dist/client/components/layout-router.js:228:11)
        at RenderFromTemplateContext (webpack-internal:///(app-pages-browser)/./node_modules/next/dist/client/components/render-from-template-context.js:16:44)
        at OuterLayoutRouter (webpack-internal:///(app-pages-browser)/./node_modules/next/dist/client/components/layout-router.js:370:11)
        at O (webpack-internal:///(app-pages-browser)/./node_modules/next-themes/dist/index.mjs:28:24)
        at z (webpack-internal:///(app-pages-browser)/./node_modules/next-themes/dist/index.mjs:21:47)
        at body
        at html
        at RootLayout (Server)
        at RedirectErrorBoundary (webpack-internal:///(app-pages-browser)/./node_modules/next/dist/client/components/redirect-boundary.js:74:9)
        at RedirectBoundary (webpack-internal:///(app-pages-browser)/./node_modules/next/dist/client/components/redirect-boundary.js:82:11)
        at NotFoundErrorBoundary (webpack-internal:///(app-pages-browser)/./node_modules/next/dist/client/components/not-found-boundary.js:76:9)
        at NotFoundBoundary (webpack-internal:///(app-pages-browser)/./node_modules/next/dist/client/components/not-found-boundary.js:84:11)
        at DevRootNotFoundBoundary (webpack-internal:///(app-pages-browser)/./node_modules/next/dist/client/components/dev-root-not-found-boundary.js:33:11)
        at ReactDevOverlay (webpack-internal:///(app-pages-browser)/./node_modules/next/dist/client/components/react-dev-overlay/app/ReactDevOverlay.js:87:9)
        at HotReload (webpack-internal:///(app-pages-browser)/./node_modules/next/dist/client/components/react-dev-overlay/app/hot-reloader-client.js:321:11)
        at Router (webpack-internal:///(app-pages-browser)/./node_modules/next/dist/client/components/app-router.js:207:11)
        at ErrorBoundaryHandler (webpack-internal:///(app-pages-browser)/./node_modules/next/dist/client/components/error-boundary.js:113:9)
        at ErrorBoundary (webpack-internal:///(app-pages-browser)/./node_modules/next/dist/client/components/error-boundary.js:160:11)
        at AppRouter (webpack-internal:///(app-pages-browser)/./node_modules/next/dist/client/components/app-router.js:585:13)
        at ServerRoot (webpack-internal:///(app-pages-browser)/./node_modules/next/dist/client/app-index.js:112:27)
        at Root (webpack-internal:///(app-pages-browser)/./node_modules/next/dist/client/app-index.js:117:11)", "Message: Uncaught Error: Hydration failed because the initial UI does not match what was rendered on the server.", "Type: client", "Severity: high", "Context: {filename: webpack-internal:///(app-pages-browser)/./node_mod…t/compiled/react-dom/cjs/react-dom.development.js, lineno: 6981, colno: 9, error: Error: Hydration failed because the initial UI does not match what was rendered on the server.
        …}", …]

       at utils.ts:158

      156 |     )
      157 |     
    > 158 |     expect(filteredErrors).toHaveLength(0)
          |                            ^
      159 |   }
      160 | }
        at TestUtils.checkConsoleErrors (C:\Users\torri\Downloads\automatron-website\e2e\utils.ts:158:28)
        at C:\Users\torri\Downloads\automatron-website\e2e\homepage.spec.ts:99:5

    attachment #1: screenshot (image/png) ──────────────────────────────────────────────────────────
    ..\test-results\homepage-Homepage-should-not-have-console-errors-Mobile-Chrome\test-failed-1.png
    ────────────────────────────────────────────────────────────────────────────────────────────────

    attachment #2: video (video/webm) ──────────────────────────────────────────────────────────────
    ..\test-results\homepage-Homepage-should-not-have-console-errors-Mobile-Chrome\video.webm
    ────────────────────────────────────────────────────────────────────────────────────────────────

    Error Context: ..\test-results\homepage-Homepage-should-not-have-console-errors-Mobile-Chrome\error-context.md
]]>
</failure>
<system-out>
<![CDATA[
[[ATTACHMENT|..\test-results\homepage-Homepage-should-not-have-console-errors-Mobile-Chrome\test-failed-1.png]]

[[ATTACHMENT|..\test-results\homepage-Homepage-should-not-have-console-errors-Mobile-Chrome\video.webm]]

[[ATTACHMENT|..\test-results\homepage-Homepage-should-not-have-console-errors-Mobile-Chrome\error-context.md]]
]]>
</system-out>
</testcase>
</testsuite>
<testsuite name="services.spec.ts" timestamp="2025-09-26T18:08:32.353Z" hostname="Mobile Chrome" tests="5" failures="2" skipped="0" time="20.241" errors="0">
<testcase name="Services Pages › should navigate to services from homepage" classname="services.spec.ts" time="8.511">
<failure message="services.spec.ts:5:7 should navigate to services from homepage" type="FAILURE">
<![CDATA[  [Mobile Chrome] › services.spec.ts:5:7 › Services Pages › should navigate to services from homepage 

    Error: expect(locator).toBeVisible() failed

    Locator:  locator('h1').first()
    Expected: visible
    Received: <element(s) not found>
    Timeout:  5000ms

    Call log:
      - Expect "toBeVisible" with timeout 5000ms
      - waiting for locator('h1').first()


      20 |     // Check page content
      21 |     const h1 = page.locator('h1').first()
    > 22 |     await expect(h1).toBeVisible()
         |                      ^
      23 |   })
      24 |
      25 |   test('should display service categories', async ({ page }) => {
        at C:\Users\torri\Downloads\automatron-website\e2e\services.spec.ts:22:22

    attachment #1: screenshot (image/png) ──────────────────────────────────────────────────────────
    ..\test-results\services-Services-Pages-sh-f11b8-e-to-services-from-homepage-Mobile-Chrome\test-failed-1.png
    ────────────────────────────────────────────────────────────────────────────────────────────────

    attachment #2: video (video/webm) ──────────────────────────────────────────────────────────────
    ..\test-results\services-Services-Pages-sh-f11b8-e-to-services-from-homepage-Mobile-Chrome\video.webm
    ────────────────────────────────────────────────────────────────────────────────────────────────

    Error Context: ..\test-results\services-Services-Pages-sh-f11b8-e-to-services-from-homepage-Mobile-Chrome\error-context.md
]]>
</failure>
<system-out>
<![CDATA[
[[ATTACHMENT|..\test-results\services-Services-Pages-sh-f11b8-e-to-services-from-homepage-Mobile-Chrome\test-failed-1.png]]

[[ATTACHMENT|..\test-results\services-Services-Pages-sh-f11b8-e-to-services-from-homepage-Mobile-Chrome\video.webm]]

[[ATTACHMENT|..\test-results\services-Services-Pages-sh-f11b8-e-to-services-from-homepage-Mobile-Chrome\error-context.md]]
]]>
</system-out>
</testcase>
<testcase name="Services Pages › should display service categories" classname="services.spec.ts" time="2.392">
</testcase>
<testcase name="Services Pages › should show service details and pricing" classname="services.spec.ts" time="2.315">
</testcase>
<testcase name="Services Pages › should have accessible service pages" classname="services.spec.ts" time="2.286">
<failure message="services.spec.ts:67:7 should have accessible service pages" type="FAILURE">
<![CDATA[  [Mobile Chrome] › services.spec.ts:67:7 › Services Pages › should have accessible service pages ──

    Error: expect(received).toBeGreaterThanOrEqual(expected)

    Expected: >= 1
    Received:    0

       at utils.ts:27

      25 |     // Check for proper heading hierarchy
      26 |     const h1Count = await this.page.locator('h1').count()
    > 27 |     expect(h1Count).toBeGreaterThanOrEqual(1)
         |                     ^
      28 |     expect(h1Count).toBeLessThanOrEqual(1) // Should have exactly one h1
      29 |
      30 |     // Check for alt text on images
        at TestUtils.checkBasicAccessibility (C:\Users\torri\Downloads\automatron-website\e2e\utils.ts:27:21)
        at C:\Users\torri\Downloads\automatron-website\e2e\services.spec.ts:73:5

    attachment #1: screenshot (image/png) ──────────────────────────────────────────────────────────
    ..\test-results\services-Services-Pages-should-have-accessible-service-pages-Mobile-Chrome\test-failed-1.png
    ────────────────────────────────────────────────────────────────────────────────────────────────

    attachment #2: video (video/webm) ──────────────────────────────────────────────────────────────
    ..\test-results\services-Services-Pages-should-have-accessible-service-pages-Mobile-Chrome\video.webm
    ────────────────────────────────────────────────────────────────────────────────────────────────

    Error Context: ..\test-results\services-Services-Pages-should-have-accessible-service-pages-Mobile-Chrome\error-context.md
]]>
</failure>
<system-out>
<![CDATA[
[[ATTACHMENT|..\test-results\services-Services-Pages-should-have-accessible-service-pages-Mobile-Chrome\test-failed-1.png]]

[[ATTACHMENT|..\test-results\services-Services-Pages-should-have-accessible-service-pages-Mobile-Chrome\video.webm]]

[[ATTACHMENT|..\test-results\services-Services-Pages-should-have-accessible-service-pages-Mobile-Chrome\error-context.md]]
]]>
</system-out>
</testcase>
<testcase name="Services Pages › should be responsive on services page" classname="services.spec.ts" time="4.737">
</testcase>
</testsuite>
<testsuite name="visual.spec.ts" timestamp="2025-09-26T18:08:32.353Z" hostname="Mobile Chrome" tests="6" failures="6" skipped="0" time="18.526" errors="0">
<testcase name="Visual Regression Tests › homepage visual regression" classname="visual.spec.ts" time="2.92">
<failure message="visual.spec.ts:10:7 homepage visual regression" type="FAILURE">
<![CDATA[  [Mobile Chrome] › visual.spec.ts:10:7 › Visual Regression Tests › homepage visual regression ─────

    Error: page.addStyleTag: Refused to apply inline style because it violates the following Content Security Policy directive: "style-src 'self' 'nonce-de5e777e-cda9-43a1-975e-418bc9534c60' 'unsafe-inline'". Note that 'unsafe-inline' is ignored if either a hash or nonce value is present in the source list.


      15 |     
      16 |     // Hide dynamic content that might cause flaky tests
    > 17 |     await page.addStyleTag({
         |                ^
      18 |       content: `
      19 |         [data-testid="current-time"],
      20 |         .animate-pulse,
        at C:\Users\torri\Downloads\automatron-website\e2e\visual.spec.ts:17:16

    attachment #1: screenshot (image/png) ──────────────────────────────────────────────────────────
    ..\test-results\visual-Visual-Regression-Tests-homepage-visual-regression-Mobile-Chrome\test-failed-1.png
    ────────────────────────────────────────────────────────────────────────────────────────────────

    attachment #2: video (video/webm) ──────────────────────────────────────────────────────────────
    ..\test-results\visual-Visual-Regression-Tests-homepage-visual-regression-Mobile-Chrome\video.webm
    ────────────────────────────────────────────────────────────────────────────────────────────────

    Error Context: ..\test-results\visual-Visual-Regression-Tests-homepage-visual-regression-Mobile-Chrome\error-context.md
]]>
</failure>
<system-out>
<![CDATA[
[[ATTACHMENT|..\test-results\visual-Visual-Regression-Tests-homepage-visual-regression-Mobile-Chrome\test-failed-1.png]]

[[ATTACHMENT|..\test-results\visual-Visual-Regression-Tests-homepage-visual-regression-Mobile-Chrome\video.webm]]

[[ATTACHMENT|..\test-results\visual-Visual-Regression-Tests-homepage-visual-regression-Mobile-Chrome\error-context.md]]
]]>
</system-out>
</testcase>
<testcase name="Visual Regression Tests › services page visual regression" classname="visual.spec.ts" time="2.696">
<failure message="visual.spec.ts:40:7 services page visual regression" type="FAILURE">
<![CDATA[  [Mobile Chrome] › visual.spec.ts:40:7 › Visual Regression Tests › services page visual regression 

    Error: page.addStyleTag: Refused to apply inline style because it violates the following Content Security Policy directive: "style-src 'self' 'nonce-4d4e3a45-42f4-442f-bb4b-812e351ade44' 'unsafe-inline'". Note that 'unsafe-inline' is ignored if either a hash or nonce value is present in the source list.


      44 |     await utils.waitForPageLoad()
      45 |     
    > 46 |     await page.addStyleTag({
         |                ^
      47 |       content: `
      48 |         .animate-pulse,
      49 |         .animate-spin {
        at C:\Users\torri\Downloads\automatron-website\e2e\visual.spec.ts:46:16

    attachment #1: screenshot (image/png) ──────────────────────────────────────────────────────────
    ..\test-results\visual-Visual-Regression-T-e4ede-ices-page-visual-regression-Mobile-Chrome\test-failed-1.png
    ────────────────────────────────────────────────────────────────────────────────────────────────

    attachment #2: video (video/webm) ──────────────────────────────────────────────────────────────
    ..\test-results\visual-Visual-Regression-T-e4ede-ices-page-visual-regression-Mobile-Chrome\video.webm
    ────────────────────────────────────────────────────────────────────────────────────────────────

    Error Context: ..\test-results\visual-Visual-Regression-T-e4ede-ices-page-visual-regression-Mobile-Chrome\error-context.md
]]>
</failure>
<system-out>
<![CDATA[
[[ATTACHMENT|..\test-results\visual-Visual-Regression-T-e4ede-ices-page-visual-regression-Mobile-Chrome\test-failed-1.png]]

[[ATTACHMENT|..\test-results\visual-Visual-Regression-T-e4ede-ices-page-visual-regression-Mobile-Chrome\video.webm]]

[[ATTACHMENT|..\test-results\visual-Visual-Regression-T-e4ede-ices-page-visual-regression-Mobile-Chrome\error-context.md]]
]]>
</system-out>
</testcase>
<testcase name="Visual Regression Tests › contact page visual regression" classname="visual.spec.ts" time="2.088">
<failure message="visual.spec.ts:61:7 contact page visual regression" type="FAILURE">
<![CDATA[  [Mobile Chrome] › visual.spec.ts:61:7 › Visual Regression Tests › contact page visual regression ─

    Error: A snapshot doesn't exist at C:\Users\torri\Downloads\automatron-website\e2e\visual.spec.ts-snapshots\contact-full-Mobile-Chrome-win32.png, writing actual.

      74 |     })
      75 |     
    > 76 |     await expect(page).toHaveScreenshot('contact-full.png', {
         |     ^
      77 |       fullPage: true,
      78 |       animations: 'disabled',
      79 |     })
        at C:\Users\torri\Downloads\automatron-website\e2e\visual.spec.ts:76:5

    attachment #1: contact-full (image/png) ────────────────────────────────────────────────────────
    Expected: visual.spec.ts-snapshots\contact-full-Mobile-Chrome-win32.png
    Received: ..\test-results\visual-Visual-Regression-T-298f2-tact-page-visual-regression-Mobile-Chrome\contact-full-actual.png
    ────────────────────────────────────────────────────────────────────────────────────────────────

    attachment #2: screenshot (image/png) ──────────────────────────────────────────────────────────
    ..\test-results\visual-Visual-Regression-T-298f2-tact-page-visual-regression-Mobile-Chrome\test-failed-1.png
    ────────────────────────────────────────────────────────────────────────────────────────────────

    attachment #3: video (video/webm) ──────────────────────────────────────────────────────────────
    ..\test-results\visual-Visual-Regression-T-298f2-tact-page-visual-regression-Mobile-Chrome\video.webm
    ────────────────────────────────────────────────────────────────────────────────────────────────

    Error Context: ..\test-results\visual-Visual-Regression-T-298f2-tact-page-visual-regression-Mobile-Chrome\error-context.md
]]>
</failure>
<system-out>
<![CDATA[
[[ATTACHMENT|..\e2e\visual.spec.ts-snapshots\contact-full-Mobile-Chrome-win32.png]]

[[ATTACHMENT|..\test-results\visual-Visual-Regression-T-298f2-tact-page-visual-regression-Mobile-Chrome\contact-full-actual.png]]

[[ATTACHMENT|..\test-results\visual-Visual-Regression-T-298f2-tact-page-visual-regression-Mobile-Chrome\test-failed-1.png]]

[[ATTACHMENT|..\test-results\visual-Visual-Regression-T-298f2-tact-page-visual-regression-Mobile-Chrome\video.webm]]

[[ATTACHMENT|..\test-results\visual-Visual-Regression-T-298f2-tact-page-visual-regression-Mobile-Chrome\error-context.md]]
]]>
</system-out>
</testcase>
<testcase name="Visual Regression Tests › mobile visual regression" classname="visual.spec.ts" time="2.382">
<failure message="visual.spec.ts:90:7 mobile visual regression" type="FAILURE">
<![CDATA[  [Mobile Chrome] › visual.spec.ts:90:7 › Visual Regression Tests › mobile visual regression ───────

    Error: page.addStyleTag: Refused to apply inline style because it violates the following Content Security Policy directive: "style-src 'self' 'nonce-cf754bd5-9648-4342-94d1-5d70fd3d973a' 'unsafe-inline'". Note that 'unsafe-inline' is ignored if either a hash or nonce value is present in the source list.


       97 |     await utils.waitForPageLoad()
       98 |     
    >  99 |     await page.addStyleTag({
          |                ^
      100 |       content: `
      101 |         .animate-pulse,
      102 |         .animate-spin {
        at C:\Users\torri\Downloads\automatron-website\e2e\visual.spec.ts:99:16

    attachment #1: screenshot (image/png) ──────────────────────────────────────────────────────────
    ..\test-results\visual-Visual-Regression-Tests-mobile-visual-regression-Mobile-Chrome\test-failed-1.png
    ────────────────────────────────────────────────────────────────────────────────────────────────

    attachment #2: video (video/webm) ──────────────────────────────────────────────────────────────
    ..\test-results\visual-Visual-Regression-Tests-mobile-visual-regression-Mobile-Chrome\video.webm
    ────────────────────────────────────────────────────────────────────────────────────────────────

    Error Context: ..\test-results\visual-Visual-Regression-Tests-mobile-visual-regression-Mobile-Chrome\error-context.md
]]>
</failure>
<system-out>
<![CDATA[
[[ATTACHMENT|..\test-results\visual-Visual-Regression-Tests-mobile-visual-regression-Mobile-Chrome\test-failed-1.png]]

[[ATTACHMENT|..\test-results\visual-Visual-Regression-Tests-mobile-visual-regression-Mobile-Chrome\video.webm]]

[[ATTACHMENT|..\test-results\visual-Visual-Regression-Tests-mobile-visual-regression-Mobile-Chrome\error-context.md]]
]]>
</system-out>
</testcase>
<testcase name="Visual Regression Tests › dark theme visual regression" classname="visual.spec.ts" time="3.335">
<failure message="visual.spec.ts:114:7 dark theme visual regression" type="FAILURE">
<![CDATA[  [Mobile Chrome] › visual.spec.ts:114:7 › Visual Regression Tests › dark theme visual regression ──

    Error: page.addStyleTag: Refused to apply inline style because it violates the following Content Security Policy directive: "style-src 'self' 'nonce-beee1ae7-6fb8-4a69-afae-b5d2d9376c75' 'unsafe-inline'". Note that 'unsafe-inline' is ignored if either a hash or nonce value is present in the source list.


      133 |     }
      134 |     
    > 135 |     await page.addStyleTag({
          |                ^
      136 |       content: `
      137 |         .animate-pulse,
      138 |         .animate-spin {
        at C:\Users\torri\Downloads\automatron-website\e2e\visual.spec.ts:135:16

    attachment #1: screenshot (image/png) ──────────────────────────────────────────────────────────
    ..\test-results\visual-Visual-Regression-Tests-dark-theme-visual-regression-Mobile-Chrome\test-failed-1.png
    ────────────────────────────────────────────────────────────────────────────────────────────────

    attachment #2: video (video/webm) ──────────────────────────────────────────────────────────────
    ..\test-results\visual-Visual-Regression-Tests-dark-theme-visual-regression-Mobile-Chrome\video.webm
    ────────────────────────────────────────────────────────────────────────────────────────────────

    Error Context: ..\test-results\visual-Visual-Regression-Tests-dark-theme-visual-regression-Mobile-Chrome\error-context.md
]]>
</failure>
<system-out>
<![CDATA[
[[ATTACHMENT|..\test-results\visual-Visual-Regression-Tests-dark-theme-visual-regression-Mobile-Chrome\test-failed-1.png]]

[[ATTACHMENT|..\test-results\visual-Visual-Regression-Tests-dark-theme-visual-regression-Mobile-Chrome\video.webm]]

[[ATTACHMENT|..\test-results\visual-Visual-Regression-Tests-dark-theme-visual-regression-Mobile-Chrome\error-context.md]]
]]>
</system-out>
</testcase>
<testcase name="Visual Regression Tests › component states visual regression" classname="visual.spec.ts" time="5.105">
<failure message="visual.spec.ts:150:7 component states visual regression" type="FAILURE">
<![CDATA[  [Mobile Chrome] › visual.spec.ts:150:7 › Visual Regression Tests › component states visual regression 

    Error: A snapshot doesn't exist at C:\Users\torri\Downloads\automatron-website\e2e\visual.spec.ts-snapshots\button-hover-Mobile-Chrome-win32.png, writing actual.

      162 |       await firstButton.hover()
      163 |       
    > 164 |       await expect(firstButton).toHaveScreenshot('button-hover.png', {
          |       ^
      165 |         animations: 'disabled',
      166 |       })
      167 |     }
        at C:\Users\torri\Downloads\automatron-website\e2e\visual.spec.ts:164:7

    Error: A snapshot doesn't exist at C:\Users\torri\Downloads\automatron-website\e2e\visual.spec.ts-snapshots\input-focus-Mobile-Chrome-win32.png, writing actual.

      178 |       await firstInput.focus()
      179 |       
    > 180 |       await expect(firstInput).toHaveScreenshot('input-focus.png', {
          |       ^
      181 |         animations: 'disabled',
      182 |       })
      183 |     }
        at C:\Users\torri\Downloads\automatron-website\e2e\visual.spec.ts:180:7

    attachment #1: button-hover (image/png) ────────────────────────────────────────────────────────
    Expected: visual.spec.ts-snapshots\button-hover-Mobile-Chrome-win32.png
    Received: ..\test-results\visual-Visual-Regression-T-0f167-nt-states-visual-regression-Mobile-Chrome\button-hover-actual.png
    ────────────────────────────────────────────────────────────────────────────────────────────────

    attachment #2: input-focus (image/png) ─────────────────────────────────────────────────────────
    Expected: visual.spec.ts-snapshots\input-focus-Mobile-Chrome-win32.png
    Received: ..\test-results\visual-Visual-Regression-T-0f167-nt-states-visual-regression-Mobile-Chrome\input-focus-actual.png
    ────────────────────────────────────────────────────────────────────────────────────────────────

    attachment #3: screenshot (image/png) ──────────────────────────────────────────────────────────
    ..\test-results\visual-Visual-Regression-T-0f167-nt-states-visual-regression-Mobile-Chrome\test-failed-1.png
    ────────────────────────────────────────────────────────────────────────────────────────────────

    attachment #4: video (video/webm) ──────────────────────────────────────────────────────────────
    ..\test-results\visual-Visual-Regression-T-0f167-nt-states-visual-regression-Mobile-Chrome\video.webm
    ────────────────────────────────────────────────────────────────────────────────────────────────

    Error Context: ..\test-results\visual-Visual-Regression-T-0f167-nt-states-visual-regression-Mobile-Chrome\error-context.md
]]>
</failure>
<system-out>
<![CDATA[
[[ATTACHMENT|..\e2e\visual.spec.ts-snapshots\button-hover-Mobile-Chrome-win32.png]]

[[ATTACHMENT|..\test-results\visual-Visual-Regression-T-0f167-nt-states-visual-regression-Mobile-Chrome\button-hover-actual.png]]

[[ATTACHMENT|..\e2e\visual.spec.ts-snapshots\input-focus-Mobile-Chrome-win32.png]]

[[ATTACHMENT|..\test-results\visual-Visual-Regression-T-0f167-nt-states-visual-regression-Mobile-Chrome\input-focus-actual.png]]

[[ATTACHMENT|..\test-results\visual-Visual-Regression-T-0f167-nt-states-visual-regression-Mobile-Chrome\test-failed-1.png]]

[[ATTACHMENT|..\test-results\visual-Visual-Regression-T-0f167-nt-states-visual-regression-Mobile-Chrome\video.webm]]

[[ATTACHMENT|..\test-results\visual-Visual-Regression-T-0f167-nt-states-visual-regression-Mobile-Chrome\error-context.md]]
]]>
</system-out>
</testcase>
</testsuite>
<testsuite name="contact.spec.ts" timestamp="2025-09-26T18:08:32.353Z" hostname="Mobile Safari" tests="6" failures="1" skipped="0" time="19.522" errors="0">
<testcase name="Contact and Forms › should navigate to contact page" classname="contact.spec.ts" time="3.147">
<failure message="contact.spec.ts:5:7 should navigate to contact page" type="FAILURE">
<![CDATA[  [Mobile Safari] › contact.spec.ts:5:7 › Contact and Forms › should navigate to contact page ──────

    Error: expect(received).toContain(expected) // indexOf

    Expected substring: "contact"
    Received string:    "http://localhost:3000/en"

      16 |     
      17 |     // Should be on contact page
    > 18 |     expect(page.url()).toContain('contact')
         |                        ^
      19 |   })
      20 |
      21 |   test('should display contact form', async ({ page }) => {
        at C:\Users\torri\Downloads\automatron-website\e2e\contact.spec.ts:18:24

    attachment #1: screenshot (image/png) ──────────────────────────────────────────────────────────
    ..\test-results\contact-Contact-and-Forms-should-navigate-to-contact-page-Mobile-Safari\test-failed-1.png
    ────────────────────────────────────────────────────────────────────────────────────────────────

    attachment #2: video (video/webm) ──────────────────────────────────────────────────────────────
    ..\test-results\contact-Contact-and-Forms-should-navigate-to-contact-page-Mobile-Safari\video.webm
    ────────────────────────────────────────────────────────────────────────────────────────────────

    Error Context: ..\test-results\contact-Contact-and-Forms-should-navigate-to-contact-page-Mobile-Safari\error-context.md
]]>
</failure>
<system-out>
<![CDATA[
[[ATTACHMENT|..\test-results\contact-Contact-and-Forms-should-navigate-to-contact-page-Mobile-Safari\test-failed-1.png]]

[[ATTACHMENT|..\test-results\contact-Contact-and-Forms-should-navigate-to-contact-page-Mobile-Safari\video.webm]]

[[ATTACHMENT|..\test-results\contact-Contact-and-Forms-should-navigate-to-contact-page-Mobile-Safari\error-context.md]]
]]>
</system-out>
</testcase>
<testcase name="Contact and Forms › should display contact form" classname="contact.spec.ts" time="2.013">
</testcase>
<testcase name="Contact and Forms › should validate form fields" classname="contact.spec.ts" time="3.209">
</testcase>
<testcase name="Contact and Forms › should fill and submit contact form" classname="contact.spec.ts" time="5.159">
</testcase>
<testcase name="Contact and Forms › should have accessible contact form" classname="contact.spec.ts" time="1.935">
</testcase>
<testcase name="Contact and Forms › should be responsive on contact page" classname="contact.spec.ts" time="4.059">
</testcase>
</testsuite>
<testsuite name="homepage.spec.ts" timestamp="2025-09-26T18:08:32.353Z" hostname="Mobile Safari" tests="9" failures="2" skipped="0" time="57.349" errors="0">
<testcase name="Homepage › should load homepage successfully" classname="homepage.spec.ts" time="6.944">
<failure message="homepage.spec.ts:9:7 should load homepage successfully" type="FAILURE">
<![CDATA[  [Mobile Safari] › homepage.spec.ts:9:7 › Homepage › should load homepage successfully ────────────

    Error: expect(locator).toContainText(expected) failed

    Locator: locator('h1').first()
    Expected pattern: /save.*hours/i
    Received string:  "Simple automations. Real time saved."
    Timeout: 5000ms

    Call log:
      - Expect "toContainText" with timeout 5000ms
      - waiting for locator('h1').first()
        9 × locator resolved to <h1 class="font-display text-balance text-display-xl hero-h1 text-[34px] sm:text-[48px] lg:text-[56px] font-bold tracking-tight max-w-[22ch] sm:max-w-[640px] mx-auto">Simple automations. Real time saved.</h1>
          - unexpected value "Simple automations. Real time saved."


      17 |     const h1 = page.locator('h1').first()
      18 |     await expect(h1).toBeVisible()
    > 19 |     await expect(h1).toContainText(/save.*hours/i)
         |                      ^
      20 |   })
      21 |
      22 |   test('should have proper navigation', async ({ page }) => {
        at C:\Users\torri\Downloads\automatron-website\e2e\homepage.spec.ts:19:22

    attachment #1: screenshot (image/png) ──────────────────────────────────────────────────────────
    ..\test-results\homepage-Homepage-should-load-homepage-successfully-Mobile-Safari\test-failed-1.png
    ────────────────────────────────────────────────────────────────────────────────────────────────

    attachment #2: video (video/webm) ──────────────────────────────────────────────────────────────
    ..\test-results\homepage-Homepage-should-load-homepage-successfully-Mobile-Safari\video.webm
    ────────────────────────────────────────────────────────────────────────────────────────────────

    Error Context: ..\test-results\homepage-Homepage-should-load-homepage-successfully-Mobile-Safari\error-context.md
]]>
</failure>
<system-out>
<![CDATA[
[[ATTACHMENT|..\test-results\homepage-Homepage-should-load-homepage-successfully-Mobile-Safari\test-failed-1.png]]

[[ATTACHMENT|..\test-results\homepage-Homepage-should-load-homepage-successfully-Mobile-Safari\video.webm]]

[[ATTACHMENT|..\test-results\homepage-Homepage-should-load-homepage-successfully-Mobile-Safari\error-context.md]]
]]>
</system-out>
</testcase>
<testcase name="Homepage › should have proper navigation" classname="homepage.spec.ts" time="1.873">
</testcase>
<testcase name="Homepage › should display hero section with CTA" classname="homepage.spec.ts" time="2.881">
</testcase>
<testcase name="Homepage › should display service overview cards" classname="homepage.spec.ts" time="1.877">
</testcase>
<testcase name="Homepage › should be accessible" classname="homepage.spec.ts" time="1.944">
</testcase>
<testcase name="Homepage › should be responsive" classname="homepage.spec.ts" time="4.021">
</testcase>
<testcase name="Homepage › should have good performance" classname="homepage.spec.ts" time="3.844">
</testcase>
<testcase name="Homepage › should handle theme switching" classname="homepage.spec.ts" time="30.098">
<failure message="homepage.spec.ts:91:7 should handle theme switching" type="FAILURE">
<![CDATA[  [Mobile Safari] › homepage.spec.ts:91:7 › Homepage › should handle theme switching ───────────────

    Test timeout of 30000ms exceeded.

    Error: locator.click: Test timeout of 30000ms exceeded.
    Call log:
      - waiting for locator('[aria-label*="theme"], [data-testid="theme-toggle"]').first()
        - locator resolved to <button disabled aria-label="Toggle theme" class="rounded-md border border-border bg-surface px-3 py-2">Theme</button>
      - attempting click action
        2 × waiting for element to be visible, enabled and stable
          - element is not enabled
        - retrying click action
        - waiting 20ms
        2 × waiting for element to be visible, enabled and stable
          - element is not enabled
        - retrying click action
          - waiting 100ms
        40 × waiting for element to be visible, enabled and stable
           - element is not enabled
         - retrying click action
           - waiting 500ms
        - waiting for element to be visible, enabled and stable


       at utils.ts:123

      121 |     
      122 |     if (await themeToggle.count() > 0) {
    > 123 |       await themeToggle.click()
          |                         ^
      124 |       await this.page.waitForTimeout(500) // Wait for theme transition
      125 |       
      126 |       // Check that theme actually changed
        at TestUtils.testThemeSwitch (C:\Users\torri\Downloads\automatron-website\e2e\utils.ts:123:25)
        at C:\Users\torri\Downloads\automatron-website\e2e\homepage.spec.ts:94:5

    attachment #1: screenshot (image/png) ──────────────────────────────────────────────────────────
    ..\test-results\homepage-Homepage-should-handle-theme-switching-Mobile-Safari\test-failed-1.png
    ────────────────────────────────────────────────────────────────────────────────────────────────

    attachment #2: video (video/webm) ──────────────────────────────────────────────────────────────
    ..\test-results\homepage-Homepage-should-handle-theme-switching-Mobile-Safari\video.webm
    ────────────────────────────────────────────────────────────────────────────────────────────────

    Error Context: ..\test-results\homepage-Homepage-should-handle-theme-switching-Mobile-Safari\error-context.md
]]>
</failure>
<system-out>
<![CDATA[
[[ATTACHMENT|..\test-results\homepage-Homepage-should-handle-theme-switching-Mobile-Safari\test-failed-1.png]]

[[ATTACHMENT|..\test-results\homepage-Homepage-should-handle-theme-switching-Mobile-Safari\video.webm]]

[[ATTACHMENT|..\test-results\homepage-Homepage-should-handle-theme-switching-Mobile-Safari\error-context.md]]
]]>
</system-out>
</testcase>
<testcase name="Homepage › should not have console errors" classname="homepage.spec.ts" time="3.867">
</testcase>
</testsuite>
<testsuite name="services.spec.ts" timestamp="2025-09-26T18:08:32.353Z" hostname="Mobile Safari" tests="5" failures="2" skipped="0" time="12.937" errors="0">
<testcase name="Services Pages › should navigate to services from homepage" classname="services.spec.ts" time="3.092">
<failure message="services.spec.ts:5:7 should navigate to services from homepage" type="FAILURE">
<![CDATA[  [Mobile Safari] › services.spec.ts:5:7 › Services Pages › should navigate to services from homepage 

    Error: expect(received).toContain(expected) // indexOf

    Expected substring: "services"
    Received string:    "http://localhost:3000/en"

      16 |     
      17 |     // Should be on services page
    > 18 |     expect(page.url()).toContain('services')
         |                        ^
      19 |     
      20 |     // Check page content
      21 |     const h1 = page.locator('h1').first()
        at C:\Users\torri\Downloads\automatron-website\e2e\services.spec.ts:18:24

    attachment #1: screenshot (image/png) ──────────────────────────────────────────────────────────
    ..\test-results\services-Services-Pages-sh-f11b8-e-to-services-from-homepage-Mobile-Safari\test-failed-1.png
    ────────────────────────────────────────────────────────────────────────────────────────────────

    attachment #2: video (video/webm) ──────────────────────────────────────────────────────────────
    ..\test-results\services-Services-Pages-sh-f11b8-e-to-services-from-homepage-Mobile-Safari\video.webm
    ────────────────────────────────────────────────────────────────────────────────────────────────

    Error Context: ..\test-results\services-Services-Pages-sh-f11b8-e-to-services-from-homepage-Mobile-Safari\error-context.md
]]>
</failure>
<system-out>
<![CDATA[
[[ATTACHMENT|..\test-results\services-Services-Pages-sh-f11b8-e-to-services-from-homepage-Mobile-Safari\test-failed-1.png]]

[[ATTACHMENT|..\test-results\services-Services-Pages-sh-f11b8-e-to-services-from-homepage-Mobile-Safari\video.webm]]

[[ATTACHMENT|..\test-results\services-Services-Pages-sh-f11b8-e-to-services-from-homepage-Mobile-Safari\error-context.md]]
]]>
</system-out>
</testcase>
<testcase name="Services Pages › should display service categories" classname="services.spec.ts" time="1.888">
</testcase>
<testcase name="Services Pages › should show service details and pricing" classname="services.spec.ts" time="1.876">
</testcase>
<testcase name="Services Pages › should have accessible service pages" classname="services.spec.ts" time="2.008">
<failure message="services.spec.ts:67:7 should have accessible service pages" type="FAILURE">
<![CDATA[  [Mobile Safari] › services.spec.ts:67:7 › Services Pages › should have accessible service pages ──

    Error: expect(received).toBeGreaterThanOrEqual(expected)

    Expected: >= 1
    Received:    0

       at utils.ts:27

      25 |     // Check for proper heading hierarchy
      26 |     const h1Count = await this.page.locator('h1').count()
    > 27 |     expect(h1Count).toBeGreaterThanOrEqual(1)
         |                     ^
      28 |     expect(h1Count).toBeLessThanOrEqual(1) // Should have exactly one h1
      29 |
      30 |     // Check for alt text on images
        at TestUtils.checkBasicAccessibility (C:\Users\torri\Downloads\automatron-website\e2e\utils.ts:27:21)
        at C:\Users\torri\Downloads\automatron-website\e2e\services.spec.ts:73:5

    attachment #1: screenshot (image/png) ──────────────────────────────────────────────────────────
    ..\test-results\services-Services-Pages-should-have-accessible-service-pages-Mobile-Safari\test-failed-1.png
    ────────────────────────────────────────────────────────────────────────────────────────────────

    attachment #2: video (video/webm) ──────────────────────────────────────────────────────────────
    ..\test-results\services-Services-Pages-should-have-accessible-service-pages-Mobile-Safari\video.webm
    ────────────────────────────────────────────────────────────────────────────────────────────────

    Error Context: ..\test-results\services-Services-Pages-should-have-accessible-service-pages-Mobile-Safari\error-context.md
]]>
</failure>
<system-out>
<![CDATA[
[[ATTACHMENT|..\test-results\services-Services-Pages-should-have-accessible-service-pages-Mobile-Safari\test-failed-1.png]]

[[ATTACHMENT|..\test-results\services-Services-Pages-should-have-accessible-service-pages-Mobile-Safari\video.webm]]

[[ATTACHMENT|..\test-results\services-Services-Pages-should-have-accessible-service-pages-Mobile-Safari\error-context.md]]
]]>
</system-out>
</testcase>
<testcase name="Services Pages › should be responsive on services page" classname="services.spec.ts" time="4.073">
</testcase>
</testsuite>
<testsuite name="visual.spec.ts" timestamp="2025-09-26T18:08:32.353Z" hostname="Mobile Safari" tests="6" failures="6" skipped="0" time="43.13" errors="0">
<testcase name="Visual Regression Tests › homepage visual regression" classname="visual.spec.ts" time="2.082">
<failure message="visual.spec.ts:10:7 homepage visual regression" type="FAILURE">
<![CDATA[  [Mobile Safari] › visual.spec.ts:10:7 › Visual Regression Tests › homepage visual regression ─────

    Error: page.addStyleTag: Refused to apply a stylesheet because its hash, its nonce, or 'unsafe-inline' does not appear in the style-src directive of the Content Security Policy.

      15 |     
      16 |     // Hide dynamic content that might cause flaky tests
    > 17 |     await page.addStyleTag({
         |                ^
      18 |       content: `
      19 |         [data-testid="current-time"],
      20 |         .animate-pulse,
        at C:\Users\torri\Downloads\automatron-website\e2e\visual.spec.ts:17:16

    attachment #1: screenshot (image/png) ──────────────────────────────────────────────────────────
    ..\test-results\visual-Visual-Regression-Tests-homepage-visual-regression-Mobile-Safari\test-failed-1.png
    ────────────────────────────────────────────────────────────────────────────────────────────────

    attachment #2: video (video/webm) ──────────────────────────────────────────────────────────────
    ..\test-results\visual-Visual-Regression-Tests-homepage-visual-regression-Mobile-Safari\video.webm
    ────────────────────────────────────────────────────────────────────────────────────────────────

    Error Context: ..\test-results\visual-Visual-Regression-Tests-homepage-visual-regression-Mobile-Safari\error-context.md
]]>
</failure>
<system-out>
<![CDATA[
[[ATTACHMENT|..\test-results\visual-Visual-Regression-Tests-homepage-visual-regression-Mobile-Safari\test-failed-1.png]]

[[ATTACHMENT|..\test-results\visual-Visual-Regression-Tests-homepage-visual-regression-Mobile-Safari\video.webm]]

[[ATTACHMENT|..\test-results\visual-Visual-Regression-Tests-homepage-visual-regression-Mobile-Safari\error-context.md]]
]]>
</system-out>
</testcase>
<testcase name="Visual Regression Tests › services page visual regression" classname="visual.spec.ts" time="2.074">
<failure message="visual.spec.ts:40:7 services page visual regression" type="FAILURE">
<![CDATA[  [Mobile Safari] › visual.spec.ts:40:7 › Visual Regression Tests › services page visual regression 

    Error: page.addStyleTag: Refused to apply a stylesheet because its hash, its nonce, or 'unsafe-inline' does not appear in the style-src directive of the Content Security Policy.

      44 |     await utils.waitForPageLoad()
      45 |     
    > 46 |     await page.addStyleTag({
         |                ^
      47 |       content: `
      48 |         .animate-pulse,
      49 |         .animate-spin {
        at C:\Users\torri\Downloads\automatron-website\e2e\visual.spec.ts:46:16

    attachment #1: screenshot (image/png) ──────────────────────────────────────────────────────────
    ..\test-results\visual-Visual-Regression-T-e4ede-ices-page-visual-regression-Mobile-Safari\test-failed-1.png
    ────────────────────────────────────────────────────────────────────────────────────────────────

    attachment #2: video (video/webm) ──────────────────────────────────────────────────────────────
    ..\test-results\visual-Visual-Regression-T-e4ede-ices-page-visual-regression-Mobile-Safari\video.webm
    ────────────────────────────────────────────────────────────────────────────────────────────────

    Error Context: ..\test-results\visual-Visual-Regression-T-e4ede-ices-page-visual-regression-Mobile-Safari\error-context.md
]]>
</failure>
<system-out>
<![CDATA[
[[ATTACHMENT|..\test-results\visual-Visual-Regression-T-e4ede-ices-page-visual-regression-Mobile-Safari\test-failed-1.png]]

[[ATTACHMENT|..\test-results\visual-Visual-Regression-T-e4ede-ices-page-visual-regression-Mobile-Safari\video.webm]]

[[ATTACHMENT|..\test-results\visual-Visual-Regression-T-e4ede-ices-page-visual-regression-Mobile-Safari\error-context.md]]
]]>
</system-out>
</testcase>
<testcase name="Visual Regression Tests › contact page visual regression" classname="visual.spec.ts" time="1.998">
<failure message="visual.spec.ts:61:7 contact page visual regression" type="FAILURE">
<![CDATA[  [Mobile Safari] › visual.spec.ts:61:7 › Visual Regression Tests › contact page visual regression ─

    Error: page.addStyleTag: Refused to apply a stylesheet because its hash, its nonce, or 'unsafe-inline' does not appear in the style-src directive of the Content Security Policy.

      65 |     await utils.waitForPageLoad()
      66 |     
    > 67 |     await page.addStyleTag({
         |                ^
      68 |       content: `
      69 |         .animate-pulse,
      70 |         .animate-spin {
        at C:\Users\torri\Downloads\automatron-website\e2e\visual.spec.ts:67:16

    attachment #1: screenshot (image/png) ──────────────────────────────────────────────────────────
    ..\test-results\visual-Visual-Regression-T-298f2-tact-page-visual-regression-Mobile-Safari\test-failed-1.png
    ────────────────────────────────────────────────────────────────────────────────────────────────

    attachment #2: video (video/webm) ──────────────────────────────────────────────────────────────
    ..\test-results\visual-Visual-Regression-T-298f2-tact-page-visual-regression-Mobile-Safari\video.webm
    ────────────────────────────────────────────────────────────────────────────────────────────────

    Error Context: ..\test-results\visual-Visual-Regression-T-298f2-tact-page-visual-regression-Mobile-Safari\error-context.md
]]>
</failure>
<system-out>
<![CDATA[
[[ATTACHMENT|..\test-results\visual-Visual-Regression-T-298f2-tact-page-visual-regression-Mobile-Safari\test-failed-1.png]]

[[ATTACHMENT|..\test-results\visual-Visual-Regression-T-298f2-tact-page-visual-regression-Mobile-Safari\video.webm]]

[[ATTACHMENT|..\test-results\visual-Visual-Regression-T-298f2-tact-page-visual-regression-Mobile-Safari\error-context.md]]
]]>
</system-out>
</testcase>
<testcase name="Visual Regression Tests › mobile visual regression" classname="visual.spec.ts" time="1.959">
<failure message="visual.spec.ts:90:7 mobile visual regression" type="FAILURE">
<![CDATA[  [Mobile Safari] › visual.spec.ts:90:7 › Visual Regression Tests › mobile visual regression ───────

    Error: page.addStyleTag: Refused to apply a stylesheet because its hash, its nonce, or 'unsafe-inline' does not appear in the style-src directive of the Content Security Policy.

       97 |     await utils.waitForPageLoad()
       98 |     
    >  99 |     await page.addStyleTag({
          |                ^
      100 |       content: `
      101 |         .animate-pulse,
      102 |         .animate-spin {
        at C:\Users\torri\Downloads\automatron-website\e2e\visual.spec.ts:99:16

    attachment #1: screenshot (image/png) ──────────────────────────────────────────────────────────
    ..\test-results\visual-Visual-Regression-Tests-mobile-visual-regression-Mobile-Safari\test-failed-1.png
    ────────────────────────────────────────────────────────────────────────────────────────────────

    attachment #2: video (video/webm) ──────────────────────────────────────────────────────────────
    ..\test-results\visual-Visual-Regression-Tests-mobile-visual-regression-Mobile-Safari\video.webm
    ────────────────────────────────────────────────────────────────────────────────────────────────

    Error Context: ..\test-results\visual-Visual-Regression-Tests-mobile-visual-regression-Mobile-Safari\error-context.md
]]>
</failure>
<system-out>
<![CDATA[
[[ATTACHMENT|..\test-results\visual-Visual-Regression-Tests-mobile-visual-regression-Mobile-Safari\test-failed-1.png]]

[[ATTACHMENT|..\test-results\visual-Visual-Regression-Tests-mobile-visual-regression-Mobile-Safari\video.webm]]

[[ATTACHMENT|..\test-results\visual-Visual-Regression-Tests-mobile-visual-regression-Mobile-Safari\error-context.md]]
]]>
</system-out>
</testcase>
<testcase name="Visual Regression Tests › dark theme visual regression" classname="visual.spec.ts" time="30.214">
<failure message="visual.spec.ts:114:7 dark theme visual regression" type="FAILURE">
<![CDATA[  [Mobile Safari] › visual.spec.ts:114:7 › Visual Regression Tests › dark theme visual regression ──

    Test timeout of 30000ms exceeded.

    Error: locator.click: Test timeout of 30000ms exceeded.
    Call log:
      - waiting for locator('[aria-label*="theme"], [data-testid="theme-toggle"]').first()
        - locator resolved to <button disabled aria-label="Toggle theme" class="rounded-md border border-border bg-surface px-3 py-2">Theme</button>
      - attempting click action
        2 × waiting for element to be visible, enabled and stable
          - element is not enabled
        - retrying click action
        - waiting 20ms
        2 × waiting for element to be visible, enabled and stable
          - element is not enabled
        - retrying click action
          - waiting 100ms
        42 × waiting for element to be visible, enabled and stable
           - element is not enabled
         - retrying click action
           - waiting 500ms


      121 |     const themeToggle = page.locator('[aria-label*="theme"], [data-testid="theme-toggle"]').first()
      122 |     if (await themeToggle.count() > 0) {
    > 123 |       await themeToggle.click()
          |                         ^
      124 |       await page.waitForTimeout(500) // Wait for theme transition
      125 |     } else {
      126 |       // Manually set dark theme if no toggle found
        at C:\Users\torri\Downloads\automatron-website\e2e\visual.spec.ts:123:25

    attachment #1: screenshot (image/png) ──────────────────────────────────────────────────────────
    ..\test-results\visual-Visual-Regression-Tests-dark-theme-visual-regression-Mobile-Safari\test-failed-1.png
    ────────────────────────────────────────────────────────────────────────────────────────────────

    attachment #2: video (video/webm) ──────────────────────────────────────────────────────────────
    ..\test-results\visual-Visual-Regression-Tests-dark-theme-visual-regression-Mobile-Safari\video.webm
    ────────────────────────────────────────────────────────────────────────────────────────────────

    Error Context: ..\test-results\visual-Visual-Regression-Tests-dark-theme-visual-regression-Mobile-Safari\error-context.md
]]>
</failure>
<system-out>
<![CDATA[
[[ATTACHMENT|..\test-results\visual-Visual-Regression-Tests-dark-theme-visual-regression-Mobile-Safari\test-failed-1.png]]

[[ATTACHMENT|..\test-results\visual-Visual-Regression-Tests-dark-theme-visual-regression-Mobile-Safari\video.webm]]

[[ATTACHMENT|..\test-results\visual-Visual-Regression-Tests-dark-theme-visual-regression-Mobile-Safari\error-context.md]]
]]>
</system-out>
</testcase>
<testcase name="Visual Regression Tests › component states visual regression" classname="visual.spec.ts" time="4.803">
<failure message="visual.spec.ts:150:7 component states visual regression" type="FAILURE">
<![CDATA[  [Mobile Safari] › visual.spec.ts:150:7 › Visual Regression Tests › component states visual regression 

    Error: A snapshot doesn't exist at C:\Users\torri\Downloads\automatron-website\e2e\visual.spec.ts-snapshots\button-hover-Mobile-Safari-win32.png, writing actual.

      162 |       await firstButton.hover()
      163 |       
    > 164 |       await expect(firstButton).toHaveScreenshot('button-hover.png', {
          |       ^
      165 |         animations: 'disabled',
      166 |       })
      167 |     }
        at C:\Users\torri\Downloads\automatron-website\e2e\visual.spec.ts:164:7

    Error: A snapshot doesn't exist at C:\Users\torri\Downloads\automatron-website\e2e\visual.spec.ts-snapshots\input-focus-Mobile-Safari-win32.png, writing actual.

      178 |       await firstInput.focus()
      179 |       
    > 180 |       await expect(firstInput).toHaveScreenshot('input-focus.png', {
          |       ^
      181 |         animations: 'disabled',
      182 |       })
      183 |     }
        at C:\Users\torri\Downloads\automatron-website\e2e\visual.spec.ts:180:7

    attachment #1: button-hover (image/png) ────────────────────────────────────────────────────────
    Expected: visual.spec.ts-snapshots\button-hover-Mobile-Safari-win32.png
    Received: ..\test-results\visual-Visual-Regression-T-0f167-nt-states-visual-regression-Mobile-Safari\button-hover-actual.png
    ────────────────────────────────────────────────────────────────────────────────────────────────

    attachment #2: input-focus (image/png) ─────────────────────────────────────────────────────────
    Expected: visual.spec.ts-snapshots\input-focus-Mobile-Safari-win32.png
    Received: ..\test-results\visual-Visual-Regression-T-0f167-nt-states-visual-regression-Mobile-Safari\input-focus-actual.png
    ────────────────────────────────────────────────────────────────────────────────────────────────

    attachment #3: screenshot (image/png) ──────────────────────────────────────────────────────────
    ..\test-results\visual-Visual-Regression-T-0f167-nt-states-visual-regression-Mobile-Safari\test-failed-1.png
    ────────────────────────────────────────────────────────────────────────────────────────────────

    attachment #4: video (video/webm) ──────────────────────────────────────────────────────────────
    ..\test-results\visual-Visual-Regression-T-0f167-nt-states-visual-regression-Mobile-Safari\video.webm
    ────────────────────────────────────────────────────────────────────────────────────────────────

    Error Context: ..\test-results\visual-Visual-Regression-T-0f167-nt-states-visual-regression-Mobile-Safari\error-context.md
]]>
</failure>
<system-out>
<![CDATA[
[[ATTACHMENT|..\e2e\visual.spec.ts-snapshots\button-hover-Mobile-Safari-win32.png]]

[[ATTACHMENT|..\test-results\visual-Visual-Regression-T-0f167-nt-states-visual-regression-Mobile-Safari\button-hover-actual.png]]

[[ATTACHMENT|..\e2e\visual.spec.ts-snapshots\input-focus-Mobile-Safari-win32.png]]

[[ATTACHMENT|..\test-results\visual-Visual-Regression-T-0f167-nt-states-visual-regression-Mobile-Safari\input-focus-actual.png]]

[[ATTACHMENT|..\test-results\visual-Visual-Regression-T-0f167-nt-states-visual-regression-Mobile-Safari\test-failed-1.png]]

[[ATTACHMENT|..\test-results\visual-Visual-Regression-T-0f167-nt-states-visual-regression-Mobile-Safari\video.webm]]

[[ATTACHMENT|..\test-results\visual-Visual-Regression-T-0f167-nt-states-visual-regression-Mobile-Safari\error-context.md]]
]]>
</system-out>
</testcase>
</testsuite>
</testsuites>